<?xml version="1.0" encoding="utf-8"?><testsuites name="pytest tests"><testsuite name="pytest" errors="0" failures="0" skipped="0" tests="15" time="7.353" timestamp="2026-04-26T20:53:40.372879+00:00" hostname="agent-env-eec47828-1d41-49eb-aa6f-ae90c3589b12"><testcase classname="tests.test_iteration28_proof_reschedule.TestHealth" name="test_admin_login_works" time="1.773" /><testcase classname="tests.test_iteration28_proof_reschedule.TestHealth" name="test_backend_imports_no_syntax_errors" time="0.385" /><testcase classname="tests.test_iteration28_proof_reschedule.TestSourceGuarantees" name="test_teacher_dashboard_per_day_proof_logic" time="0.000" /><testcase classname="tests.test_iteration28_proof_reschedule.TestSourceGuarantees" name="test_teacher_cancel_sets_can_reschedule" time="0.003" /><testcase classname="tests.test_iteration28_proof_reschedule.TestSourceGuarantees" name="test_reschedule_accepts_teacher_cancelled" time="0.001" /><testcase classname="tests.test_iteration28_proof_reschedule.TestSourceGuarantees" name="test_reschedule_validation_block" time="0.001" /><testcase classname="tests.test_iteration28_proof_reschedule.TestSourceGuarantees" name="test_counsellor_student_profile_returns_class_sessions_full" time="0.001" /><testcase classname="tests.test_iteration28_proof_reschedule.TestSourceGuarantees" name="test_full_cancellation_wallet_refund_logic" time="0.001" /><testcase classname="tests.test_iteration28_proof_reschedule.TestRescheduleContract" name="test_reschedule_requires_auth" time="0.147" /><testcase classname="tests.test_iteration28_proof_reschedule.TestRescheduleContract" name="test_reschedule_rejects_admin" time="0.583" /><testcase classname="tests.test_iteration28_proof_reschedule.TestRescheduleContract" name="test_teacher_cancel_requires_auth" time="0.147" /><testcase classname="tests.test_iteration28_proof_reschedule.TestRescheduleContract" name="test_teacher_cancel_rejects_admin" time="0.610" /><testcase classname="tests.test_iteration28_proof_reschedule.TestCounsellorProfileContract" name="test_student_profile_requires_auth" time="0.113" /><testcase classname="tests.test_iteration28_proof_reschedule.TestCounsellorProfileContract" name="test_student_profile_admin_allowed_returns_404_for_missing" time="0.800" /><testcase classname="tests.test_iteration28_proof_reschedule.TestCounsellorProfileContract" name="test_student_profile_class_history_shape_when_student_exists" time="2.698" /></testsuite></testsuites>