<?xml version="1.0" encoding="utf-8"?><testsuites name="pytest tests"><testsuite name="pytest" errors="0" failures="0" skipped="0" tests="8" time="22.561" timestamp="2026-04-26T21:23:05.456401+00:00" hostname="agent-env-eec47828-1d41-49eb-aa6f-ae90c3589b12"><testcase classname="tests.test_iteration30.TestPricing" name="test_get_pricing_baseline" time="2.982" /><testcase classname="tests.test_iteration30.TestPricing" name="test_set_pricing_with_cancel_rating_deduction" time="1.625" /><testcase classname="tests.test_iteration30.TestPricing" name="test_set_pricing_default_cancel_rating_deduction" time="1.648" /><testcase classname="tests.test_iteration30.TestTeacherCancelSessionLevel" name="test_cancel_keeps_class_scheduled_and_extends_end_date" time="6.054" /><testcase classname="tests.test_iteration30.TestTeacherCancelSessionLevel" name="test_start_class_blocked_when_needs_reschedule" time="0.843" /><testcase classname="tests.test_iteration30.TestTeacherCancelSessionLevel" name="test_reschedule_clears_flag_and_updates_timings" time="1.506" /><testcase classname="tests.test_iteration30.TestTeacherCancelSessionLevel" name="test_start_class_works_after_reschedule" time="1.497" /><testcase classname="tests.test_iteration30.TestRatingUsesAdminDeduction" name="test_rating_deduction_from_db" time="6.320" /></testsuite></testsuites>