<?xml version="1.0" encoding="utf-8"?><testsuites name="pytest tests"><testsuite name="pytest" errors="0" failures="0" skipped="0" tests="8" time="9.914" timestamp="2026-04-26T20:02:24.017653+00:00" hostname="agent-env-eec47828-1d41-49eb-aa6f-ae90c3589b12"><testcase classname="backend.tests.test_iteration26_max_days.TestLearningPlanMaxDays" name="test_create_plan_with_max_days" time="1.960" /><testcase classname="backend.tests.test_iteration26_max_days.TestLearningPlanMaxDays" name="test_list_plans_returns_max_days" time="0.744" /><testcase classname="backend.tests.test_iteration26_max_days.TestLearningPlanMaxDays" name="test_update_plan_max_days" time="1.723" /><testcase classname="backend.tests.test_iteration26_max_days.TestLearningPlanMaxDays" name="test_existing_test_plan_3days" time="0.742" /><testcase classname="backend.tests.test_iteration26_max_days.TestLearningPlanMaxDays" name="test_cleanup_plan" time="0.749" /><testcase classname="backend.tests.test_iteration26_max_days.TestAssignStudentMaxDaysConstraint" name="test_assign_exceeds_max_days_rejected" time="1.435" /><testcase classname="backend.tests.test_iteration26_max_days.TestAssignStudentMaxDaysConstraint" name="test_assign_invalid_plan_id" time="1.436" /><testcase classname="backend.tests.test_iteration26_max_days.TestAuthRegression" name="test_login_works" time="1.055" /></testsuite></testsuites>