<?xml version="1.0" encoding="utf-8"?><testsuites name="pytest tests"><testsuite name="pytest" errors="0" failures="0" skipped="0" tests="11" time="18.125" timestamp="2026-04-26T22:41:04.496136+00:00" hostname="agent-env-eec47828-1d41-49eb-aa6f-ae90c3589b12"><testcase classname="tests.test_iteration33_attendance.TestAdminAuth" name="test_admin_login" time="1.239" /><testcase classname="tests.test_iteration33_attendance.TestAttendanceMark" name="test_mark_requires_student_and_date" time="3.985" /><testcase classname="tests.test_iteration33_attendance.TestAttendanceMark" name="test_mark_auto_detects_class_for_today" time="1.779" /><testcase classname="tests.test_iteration33_attendance.TestAttendanceMark" name="test_mark_409_when_already_marked" time="1.538" /><testcase classname="tests.test_iteration33_attendance.TestAttendanceMark" name="test_mark_returns_needs_class_selection_for_off_date" time="1.256" /><testcase classname="tests.test_iteration33_attendance.TestAttendanceMark" name="test_mark_with_explicit_class_and_reason" time="1.491" /><testcase classname="tests.test_iteration33_attendance.TestAttendanceQueries" name="test_unmarked_endpoint_returns_array" time="1.332" /><testcase classname="tests.test_iteration33_attendance.TestAttendanceQueries" name="test_class_today_returns_already_marked" time="1.087" /><testcase classname="tests.test_iteration33_attendance.TestAttendanceQueries" name="test_teacher_history_includes_class_title" time="0.845" /><testcase classname="tests.test_iteration33_attendance.TestNonTeacherAccess" name="test_unmarked_requires_teacher_role" time="1.536" /><testcase classname="tests.test_iteration33_attendance.TestNonTeacherAccess" name="test_class_today_requires_teacher_role" time="1.881" /></testsuite></testsuites>