<?xml version="1.0" encoding="utf-8"?><testsuites name="pytest tests"><testsuite name="pytest" errors="0" failures="0" skipped="0" tests="15" time="7.184" timestamp="2026-04-26T20:41:39.060345+00:00" hostname="agent-env-eec47828-1d41-49eb-aa6f-ae90c3589b12"><testcase classname="backend.tests.test_iteration27_cancelled_wallet_payment.TestAdminLogin" name="test_admin_login_works" time="1.864" /><testcase classname="backend.tests.test_iteration27_cancelled_wallet_payment.TestAdminLogin" name="test_admin_me" time="0.583" /><testcase classname="backend.tests.test_iteration27_cancelled_wallet_payment.TestPayFromWalletContract" name="test_pay_from_wallet_requires_auth" time="0.129" /><testcase classname="backend.tests.test_iteration27_cancelled_wallet_payment.TestPayFromWalletContract" name="test_pay_from_wallet_endpoint_exists" time="0.813" /><testcase classname="backend.tests.test_iteration27_cancelled_wallet_payment.TestPayFromWalletContract" name="test_pay_from_wallet_missing_body" time="0.610" /><testcase classname="backend.tests.test_iteration27_cancelled_wallet_payment.TestDashboardShape" name="test_admin_can_view_teacher_assignment" time="0.803" /><testcase classname="backend.tests.test_iteration27_cancelled_wallet_payment.TestDashboardShape" name="test_teacher_dashboard_requires_auth" time="0.115" /><testcase classname="backend.tests.test_iteration27_cancelled_wallet_payment.TestDashboardShape" name="test_student_dashboard_requires_auth" time="0.137" /><testcase classname="backend.tests.test_iteration27_cancelled_wallet_payment.TestDashboardShape" name="test_teacher_dashboard_admin_forbidden" time="0.610" /><testcase classname="backend.tests.test_iteration27_cancelled_wallet_payment.TestDashboardShape" name="test_student_dashboard_admin_forbidden" time="0.636" /><testcase classname="backend.tests.test_iteration27_cancelled_wallet_payment.TestSourceContract" name="test_teacher_dashboard_returns_cancelled_classes_field" time="0.000" /><testcase classname="backend.tests.test_iteration27_cancelled_wallet_payment.TestSourceContract" name="test_student_dashboard_returns_cancelled_classes_field" time="0.000" /><testcase classname="backend.tests.test_iteration27_cancelled_wallet_payment.TestSourceContract" name="test_pay_from_wallet_route_defined" time="0.000" /><testcase classname="backend.tests.test_iteration27_cancelled_wallet_payment.TestSourceContract" name="test_auto_refund_logic_present" time="0.000" /><testcase classname="backend.tests.test_iteration27_cancelled_wallet_payment.TestLearningPlanMaxDaysRegression" name="test_list_plans_includes_max_days" time="0.804" /></testsuite></testsuites>