<?xml version="1.0" encoding="utf-8"?><testsuites name="pytest tests"><testsuite name="pytest" errors="0" failures="0" skipped="0" tests="6" time="20.368" timestamp="2026-04-28T08:12:47.561515+00:00" hostname="agent-env-eec47828-1d41-49eb-aa6f-ae90c3589b12"><testcase classname="backend.tests.test_iteration36_email_no_password_leak.TestCreateTeacher" name="test_create_teacher_no_password_in_response" time="3.936" /><testcase classname="backend.tests.test_iteration36_email_no_password_leak.TestCreateCounsellor" name="test_create_counsellor_no_password_in_response" time="2.245" /><testcase classname="backend.tests.test_iteration36_email_no_password_leak.TestCreateStudent" name="test_create_student_no_password_even_when_sent" time="2.731" /><testcase classname="backend.tests.test_iteration36_email_no_password_leak.TestCreateUser" name="test_create_user_password_sanitized" time="2.714" /><testcase classname="backend.tests.test_iteration36_email_no_password_leak.TestResetPassword" name="test_reset_password_no_echo_auto_generated" time="3.960" /><testcase classname="backend.tests.test_iteration36_email_no_password_leak.TestAssignStudent" name="test_assign_student_endpoint_does_not_raise_on_no_demo" time="4.705" /></testsuite></testsuites>