<?xml version="1.0" encoding="utf-8"?><testsuites name="pytest tests"><testsuite name="pytest" errors="0" failures="0" skipped="0" tests="32" time="6.285" timestamp="2026-04-26T21:07:40.520189+00:00" hostname="agent-env-eec47828-1d41-49eb-aa6f-ae90c3589b12"><testcase classname="tests.test_iteration29_refund_reversal_attendance.TestBackendCompiles" name="test_teacher_module_imports" time="0.384" /><testcase classname="tests.test_iteration29_refund_reversal_attendance.TestBackendCompiles" name="test_attendance_module_imports" time="0.002" /><testcase classname="tests.test_iteration29_refund_reversal_attendance.TestBackendCompiles" name="test_counsellor_module_imports" time="0.006" /><testcase classname="tests.test_iteration29_refund_reversal_attendance.TestRescheduleRefundReversalSource" name="test_reschedule_recharge_transaction_type" time="0.001" /><testcase classname="tests.test_iteration29_refund_reversal_attendance.TestRescheduleRefundReversalSource" name="test_per_class_refund_decrement" time="0.000" /><testcase classname="tests.test_iteration29_refund_reversal_attendance.TestRescheduleRefundReversalSource" name="test_refund_reversal_transaction_type" time="0.000" /><testcase classname="tests.test_iteration29_refund_reversal_attendance.TestRescheduleRefundReversalSource" name="test_assignment_payment_status_flipped_back_to_paid" time="0.000" /><testcase classname="tests.test_iteration29_refund_reversal_attendance.TestRescheduleRefundReversalSource" name="test_assignment_refunded_filter" time="0.000" /><testcase classname="tests.test_iteration29_refund_reversal_attendance.TestRescheduleRefundReversalSource" name="test_end_date_shifted_by_reschedule_count" time="0.000" /><testcase classname="tests.test_iteration29_refund_reversal_attendance.TestAttendanceNonClassDaySource" name="test_needs_reason_response" time="0.000" /><testcase classname="tests.test_iteration29_refund_reversal_attendance.TestAttendanceNonClassDaySource" name="test_available_classes_returned" time="0.000" /><testcase classname="tests.test_iteration29_refund_reversal_attendance.TestAttendanceNonClassDaySource" name="test_reason_field_optional" time="0.000" /><testcase classname="tests.test_iteration29_refund_reversal_attendance.TestAttendanceNonClassDaySource" name="test_class_id_field_optional" time="0.000" /><testcase classname="tests.test_iteration29_refund_reversal_attendance.TestAttendanceNonClassDaySource" name="test_off_day_marking_set_when_no_class" time="0.000" /><testcase classname="tests.test_iteration29_refund_reversal_attendance.TestAttendanceNonClassDaySource" name="test_class_lookup_uses_date_range" time="0.000" /><testcase classname="tests.test_iteration29_refund_reversal_attendance.TestCounsellorStudentAttendanceSource" name="test_endpoint_registered" time="0.000" /><testcase classname="tests.test_iteration29_refund_reversal_attendance.TestCounsellorStudentAttendanceSource" name="test_role_gated_counsellor_admin" time="0.000" /><testcase classname="tests.test_iteration29_refund_reversal_attendance.TestCounsellorStudentAttendanceSource" name="test_returns_attendance_records_no_objectid" time="0.000" /><testcase classname="tests.test_iteration29_refund_reversal_attendance.TestAdminAuth" name="test_admin_login_success" time="1.281" /><testcase classname="tests.test_iteration29_refund_reversal_attendance.TestAdminAuth" name="test_admin_login_wrong_password" time="0.630" /><testcase classname="tests.test_iteration29_refund_reversal_attendance.TestAttendanceMarkContract" name="test_mark_unauthenticated_returns_401" time="0.109" /><testcase classname="tests.test_iteration29_refund_reversal_attendance.TestAttendanceMarkContract" name="test_mark_admin_forbidden" time="1.517" /><testcase classname="tests.test_iteration29_refund_reversal_attendance.TestCounsellorStudentAttendanceContract" name="test_unauthenticated_returns_401" time="0.108" /><testcase classname="tests.test_iteration29_refund_reversal_attendance.TestCounsellorStudentAttendanceContract" name="test_admin_can_access" time="0.733" /><testcase classname="tests.test_iteration29_refund_reversal_attendance.TestCounsellorStudentAttendanceContract" name="test_admin_response_excludes_mongo_objectid" time="0.728" /><testcase classname="tests.test_iteration29_refund_reversal_attendance.TestRescheduleEndpointContract" name="test_unauthenticated_returns_401" time="0.176" /><testcase classname="tests.test_iteration29_refund_reversal_attendance.TestRescheduleEndpointContract" name="test_admin_forbidden" time="0.506" /><testcase classname="tests.test_iteration29_refund_reversal_attendance.TestFrontendIntegrationSource" name="test_teacher_handles_needs_reason" time="0.001" /><testcase classname="tests.test_iteration29_refund_reversal_attendance.TestFrontendIntegrationSource" name="test_teacher_dialog_has_reason_options" time="0.000" /><testcase classname="tests.test_iteration29_refund_reversal_attendance.TestFrontendIntegrationSource" name="test_teacher_attendance_renders_off_day" time="0.000" /><testcase classname="tests.test_iteration29_refund_reversal_attendance.TestFrontendIntegrationSource" name="test_counsellor_calls_student_attendance_endpoint" time="0.000" /><testcase classname="tests.test_iteration29_refund_reversal_attendance.TestFrontendIntegrationSource" name="test_counsellor_renders_off_day_marking" time="0.001" /></testsuite></testsuites>