<?xml version="1.0" encoding="utf-8"?><testsuites name="pytest tests"><testsuite name="pytest" errors="0" failures="0" skipped="0" tests="13" time="31.885" timestamp="2026-04-27T18:07:11.156086+00:00" hostname="agent-env-eec47828-1d41-49eb-aa6f-ae90c3589b12"><testcase classname="backend.tests.test_iteration35_proof_credit_blocking.TestClassLifecycle" name="test_01_start_class_sets_started_at_actual" time="4.767" /><testcase classname="backend.tests.test_iteration35_proof_credit_blocking.TestClassLifecycle" name="test_02_student_left_forbidden_for_teacher" time="0.794" /><testcase classname="backend.tests.test_iteration35_proof_credit_blocking.TestClassLifecycle" name="test_03_student_left_forbidden_for_other_student" time="0.830" /><testcase classname="backend.tests.test_iteration35_proof_credit_blocking.TestClassLifecycle" name="test_04_student_left_records_timestamp" time="3.538" /><testcase classname="backend.tests.test_iteration35_proof_credit_blocking.TestClassLifecycle" name="test_05_end_class_computes_actual_duration" time="1.323" /><testcase classname="backend.tests.test_iteration35_proof_credit_blocking.TestProofSubmissionAndCreditBlocking" name="test_06_submit_proof_stores_hash_and_actual_duration" time="1.732" /><testcase classname="backend.tests.test_iteration35_proof_credit_blocking.TestProofSubmissionAndCreditBlocking" name="test_07_counsellor_rejects_first_proof" time="1.980" /><testcase classname="backend.tests.test_iteration35_proof_credit_blocking.TestProofSubmissionAndCreditBlocking" name="test_08_teacher_dashboard_exposes_rejection_fields" time="2.191" /><testcase classname="backend.tests.test_iteration35_proof_credit_blocking.TestProofSubmissionAndCreditBlocking" name="test_09_resubmit_proof_after_rejection" time="2.414" /><testcase classname="backend.tests.test_iteration35_proof_credit_blocking.TestProofSubmissionAndCreditBlocking" name="test_10_proof_history_endpoint_returns_current_and_archived" time="1.024" /><testcase classname="backend.tests.test_iteration35_proof_credit_blocking.TestProofSubmissionAndCreditBlocking" name="test_11_second_rejection_sets_credit_blocked" time="1.981" /><testcase classname="backend.tests.test_iteration35_proof_credit_blocking.TestProofSubmissionAndCreditBlocking" name="test_12_third_resubmit_carries_credit_blocked_flag" time="2.215" /><testcase classname="backend.tests.test_iteration35_proof_credit_blocking.TestProofSubmissionAndCreditBlocking" name="test_13_admin_approve_respects_credit_blocked" time="6.924" /></testsuite></testsuites>