<?xml version="1.0" encoding="utf-8"?><testsuites name="pytest tests"><testsuite name="pytest" errors="0" failures="0" skipped="0" tests="9" time="19.325" timestamp="2026-04-26T22:51:40.285736+00:00" hostname="agent-env-eec47828-1d41-49eb-aa6f-ae90c3589b12"><testcase classname="backend.tests.test_iteration34_counsellor_transfer.TestAdminAuth" name="test_admin_login" time="1.831" /><testcase classname="backend.tests.test_iteration34_counsellor_transfer.TestStudentAttendance" name="test_returns_records_and_classes_format" time="5.781" /><testcase classname="backend.tests.test_iteration34_counsellor_transfer.TestStudentAttendance" name="test_filter_by_class_id" time="0.966" /><testcase classname="backend.tests.test_iteration34_counsellor_transfer.TestTransferStudent" name="test_same_teacher_rejected" time="0.514" /><testcase classname="backend.tests.test_iteration34_counsellor_transfer.TestTransferStudent" name="test_missing_fields_rejected" time="0.512" /><testcase classname="backend.tests.test_iteration34_counsellor_transfer.TestTransferStudent" name="test_unknown_teacher_rejected" time="0.733" /><testcase classname="backend.tests.test_iteration34_counsellor_transfer.TestTransferStudent" name="test_transfer_success_full_flow" time="6.251" /><testcase classname="backend.tests.test_iteration34_counsellor_transfer.TestTransferStudent" name="test_transfer_no_active_assignment" time="0.964" /><testcase classname="backend.tests.test_iteration34_counsellor_transfer.TestRatingTransferPenalty" name="test_transfer_penalty_reduces_rating" time="1.611" /></testsuite></testsuites>