<?xml version="1.0" encoding="utf-8"?><testsuites name="pytest tests"><testsuite name="pytest" errors="0" failures="0" skipped="1" tests="8" time="10.595" timestamp="2026-04-26T22:03:33.695637+00:00" hostname="agent-env-eec47828-1d41-49eb-aa6f-ae90c3589b12"><testcase classname="tests.test_iteration31_zoom_errors" name="test_zoom_module_imports" time="0.021" /><testcase classname="tests.test_iteration31_zoom_errors" name="test_zoom_sdk_signature_generates" time="0.000" /><testcase classname="tests.test_iteration31_zoom_errors" name="test_wrong_login_returns_invalid_credentials" time="1.372" /><testcase classname="tests.test_iteration31_zoom_errors" name="test_admin_login_works" time="0.968" /><testcase classname="tests.test_iteration31_zoom_errors" name="test_global_exception_handler_json" time="0.048" /><testcase classname="tests.test_iteration31_zoom_errors" name="test_classes_start_returns_zoom_fields" time="4.091"><skipped type="pytest.skip" message="Zoom API call failed (likely invalid creds in env): Failed to create video meeting: Failed to create Zoom meeting: {&quot;code&quot;:4711,&quot;message&quot;:&quot;Invalid access token, does not contain scopes:[meeting:write:meeting, meeting:write:meeting:admin].&quot;}">/app/backend/tests/test_iteration31_zoom_errors.py:163: Zoom API call failed (likely invalid creds in env): Failed to create video meeting: Failed to create Zoom meeting: {"code":4711,"message":"Invalid access token, does not contain scopes:[meeting:write:meeting, meeting:write:meeting:admin]."}</skipped></testcase><testcase classname="tests.test_iteration31_zoom_errors" name="test_classes_status_returns_zoom_when_in_progress" time="0.857" /><testcase classname="tests.test_iteration31_zoom_errors" name="test_cancel_rating_deduction_admin_pricing" time="3.158" /></testsuite></testsuites>