<?xml version="1.0" encoding="utf-8"?><testsuites name="pytest tests"><testsuite name="pytest" errors="0" failures="0" skipped="0" tests="7" time="5.215" timestamp="2026-04-26T19:33:20.674123+00:00" hostname="agent-env-eec47828-1d41-49eb-aa6f-ae90c3589b12"><testcase classname="backend.tests.test_iteration25_disappearing_assignment.TestAuthLogin" name="test_login_no_password_hash" time="1.330" /><testcase classname="backend.tests.test_iteration25_disappearing_assignment.TestAdminAssignments" name="test_all_assignments_returns_patched_assignment" time="1.922" /><testcase classname="backend.tests.test_iteration25_disappearing_assignment.TestAdminAssignments" name="test_assignment_has_payment_status_field" time="0.877" /><testcase classname="backend.tests.test_iteration25_disappearing_assignment.TestTeacherDashboardContract" name="test_unauthenticated_returns_401" time="0.104" /><testcase classname="backend.tests.test_iteration25_disappearing_assignment.TestTeacherDashboardContract" name="test_admin_cannot_access_teacher_dashboard" time="0.622" /><testcase classname="backend.tests.test_iteration25_disappearing_assignment.TestStudentDashboardContract" name="test_unauthenticated_returns_401" time="0.139" /><testcase classname="backend.tests.test_iteration25_disappearing_assignment.TestStudentDashboardContract" name="test_enrollment_status_unauthenticated" time="0.148" /></testsuite></testsuites>