<?xml version="1.0" encoding="utf-8"?><testsuites name="pytest tests"><testsuite name="pytest" errors="0" failures="0" skipped="0" tests="23" time="10.108" timestamp="2026-04-09T09:39:23.281636+00:00" hostname="agent-env-eec47828-1d41-49eb-aa6f-ae90c3589b12"><testcase classname="backend.tests.test_iteration10_operations_center.TestAdminLogin" name="test_admin_login_success" time="0.459" /><testcase classname="backend.tests.test_iteration10_operations_center.TestAdminLogin" name="test_admin_login_wrong_password" time="0.317" /><testcase classname="backend.tests.test_iteration10_operations_center.TestUnifiedCreateUser" name="test_create_teacher_via_unified_endpoint" time="0.763" /><testcase classname="backend.tests.test_iteration10_operations_center.TestUnifiedCreateUser" name="test_create_student_via_unified_endpoint" time="0.755" /><testcase classname="backend.tests.test_iteration10_operations_center.TestUnifiedCreateUser" name="test_create_counsellor_via_unified_endpoint" time="0.755" /><testcase classname="backend.tests.test_iteration10_operations_center.TestUnifiedCreateUser" name="test_create_user_duplicate_email_fails" time="0.452" /><testcase classname="backend.tests.test_iteration10_operations_center.TestUnifiedCreateUser" name="test_create_user_invalid_role_fails" time="0.435" /><testcase classname="backend.tests.test_iteration10_operations_center.TestTransactionFiltering" name="test_get_transactions_default" time="0.417" /><testcase classname="backend.tests.test_iteration10_operations_center.TestTransactionFiltering" name="test_get_transactions_daily_view" time="0.421" /><testcase classname="backend.tests.test_iteration10_operations_center.TestTransactionFiltering" name="test_get_transactions_filter_by_role" time="0.445" /><testcase classname="backend.tests.test_iteration10_operations_center.TestTransactionFiltering" name="test_get_transactions_filter_by_date_range" time="0.446" /><testcase classname="backend.tests.test_iteration10_operations_center.TestOTPEndpoints" name="test_send_otp_success" time="0.558" /><testcase classname="backend.tests.test_iteration10_operations_center.TestOTPEndpoints" name="test_send_otp_existing_email_fails" time="0.100" /><testcase classname="backend.tests.test_iteration10_operations_center.TestOTPEndpoints" name="test_verify_otp_invalid_code" time="0.103" /><testcase classname="backend.tests.test_iteration10_operations_center.TestRoleBasedLogin" name="test_teacher_login" time="0.370" /><testcase classname="backend.tests.test_iteration10_operations_center.TestRoleBasedLogin" name="test_student_login" time="0.319" /><testcase classname="backend.tests.test_iteration10_operations_center.TestRoleBasedLogin" name="test_counsellor_login" time="0.318" /><testcase classname="backend.tests.test_iteration10_operations_center.TestAdminEndpointsAccess" name="test_create_user_non_admin_fails" time="0.425" /><testcase classname="backend.tests.test_iteration10_operations_center.TestAdminEndpointsAccess" name="test_transactions_non_admin_fails" time="0.428" /><testcase classname="backend.tests.test_iteration10_operations_center.TestAllUsersEndpoint" name="test_get_all_users" time="0.424" /><testcase classname="backend.tests.test_iteration10_operations_center.TestCounsellorTracking" name="test_get_counsellor_tracking" time="0.427" /><testcase classname="backend.tests.test_iteration10_operations_center.TestClassesEndpoint" name="test_get_all_classes" time="0.428" /><testcase classname="backend.tests.test_iteration10_operations_center.TestComplaintsEndpoint" name="test_get_all_complaints" time="0.441" /></testsuite></testsuites>