<?xml version="1.0" encoding="utf-8"?><testsuites name="pytest tests"><testsuite name="pytest" errors="0" failures="0" skipped="0" tests="18" time="8.547" timestamp="2026-04-10T11:50:30.276149+00:00" hostname="agent-env-eec47828-1d41-49eb-aa6f-ae90c3589b12"><testcase classname="backend.tests.test_iteration19_klat_cancel_profile.TestAuth" name="test_admin_login" time="0.451" /><testcase classname="backend.tests.test_iteration19_klat_cancel_profile.TestAuth" name="test_teacher_login" time="0.356" /><testcase classname="backend.tests.test_iteration19_klat_cancel_profile.TestAuth" name="test_student_login" time="0.342" /><testcase classname="backend.tests.test_iteration19_klat_cancel_profile.TestAuth" name="test_counselor_login" time="0.365" /><testcase classname="backend.tests.test_iteration19_klat_cancel_profile.TestTeacherKlatScore" name="test_teacher_can_save_klat_score" time="0.383" /><testcase classname="backend.tests.test_iteration19_klat_cancel_profile.TestTeacherKlatScore" name="test_teacher_profile_returns_klat_score" time="0.422" /><testcase classname="backend.tests.test_iteration19_klat_cancel_profile.TestCounselorKlcatScore" name="test_counselor_can_save_klcat_score" time="0.392" /><testcase classname="backend.tests.test_iteration19_klat_cancel_profile.TestCounselorKlcatScore" name="test_counselor_profile_returns_klcat_score" time="0.384" /><testcase classname="backend.tests.test_iteration19_klat_cancel_profile.TestCancelClassDoublePrevention" name="test_cancel_already_cancelled_class_returns_400" time="0.484" /><testcase classname="backend.tests.test_iteration19_klat_cancel_profile.TestProofSubmittedFlag" name="test_dashboard_returns_proof_submitted_on_conducted_classes" time="0.519" /><testcase classname="backend.tests.test_iteration19_klat_cancel_profile.TestViewTeacherProfile" name="test_non_admin_cannot_see_bank_details" time="0.754" /><testcase classname="backend.tests.test_iteration19_klat_cancel_profile.TestViewTeacherProfile" name="test_admin_can_see_bank_details" time="0.438" /><testcase classname="backend.tests.test_iteration19_klat_cancel_profile.TestViewTeacherProfile" name="test_view_profile_returns_full_details" time="0.777" /><testcase classname="backend.tests.test_iteration19_klat_cancel_profile.TestViewCounselorProfile" name="test_view_counselor_profile_returns_klcat_score" time="0.671" /><testcase classname="backend.tests.test_iteration19_klat_cancel_profile.TestDashboardsLoad" name="test_admin_dashboard_loads" time="0.546" /><testcase classname="backend.tests.test_iteration19_klat_cancel_profile.TestDashboardsLoad" name="test_teacher_dashboard_loads" time="0.386" /><testcase classname="backend.tests.test_iteration19_klat_cancel_profile.TestDashboardsLoad" name="test_student_dashboard_loads" time="0.384" /><testcase classname="backend.tests.test_iteration19_klat_cancel_profile.TestDashboardsLoad" name="test_counselor_dashboard_loads" time="0.382" /></testsuite></testsuites>