<?xml version="1.0" encoding="utf-8"?><testsuites name="pytest tests"><testsuite name="pytest" errors="0" failures="0" skipped="0" tests="25" time="42.592" timestamp="2026-04-25T11:32:17.980012+00:00" hostname="agent-env-eec47828-1d41-49eb-aa6f-ae90c3589b12"><testcase classname="backend.tests.test_iteration22_new_features.TestAdminAuth" name="test_admin_login_success" time="1.251" /><testcase classname="backend.tests.test_iteration22_new_features.TestAdminAuth" name="test_admin_login_wrong_password" time="0.551" /><testcase classname="backend.tests.test_iteration22_new_features.TestLearningPlansCRUD" name="test_create_learning_plan" time="1.828" /><testcase classname="backend.tests.test_iteration22_new_features.TestLearningPlansCRUD" name="test_list_learning_plans" time="1.812" /><testcase classname="backend.tests.test_iteration22_new_features.TestLearningPlansCRUD" name="test_create_and_update_learning_plan" time="2.898" /><testcase classname="backend.tests.test_iteration22_new_features.TestLearningPlansCRUD" name="test_delete_learning_plan" time="2.615" /><testcase classname="backend.tests.test_iteration22_new_features.TestGmailValidation" name="test_create_user_non_gmail_rejected" time="1.627" /><testcase classname="backend.tests.test_iteration22_new_features.TestGmailValidation" name="test_create_teacher_non_gmail_rejected" time="1.578" /><testcase classname="backend.tests.test_iteration22_new_features.TestGmailValidation" name="test_create_student_non_gmail_rejected" time="1.581" /><testcase classname="backend.tests.test_iteration22_new_features.TestGmailValidation" name="test_create_user_gmail_accepted" time="3.532" /><testcase classname="backend.tests.test_iteration22_new_features.TestOTPVerification" name="test_send_otp_non_gmail_rejected" time="0.104" /><testcase classname="backend.tests.test_iteration22_new_features.TestOTPVerification" name="test_send_otp_gmail_accepted" time="0.968" /><testcase classname="backend.tests.test_iteration22_new_features.TestOTPVerification" name="test_verify_otp_invalid" time="0.791" /><testcase classname="backend.tests.test_iteration22_new_features.TestAttendanceSystem" name="test_attendance_mark_requires_teacher" time="1.616" /><testcase classname="backend.tests.test_iteration22_new_features.TestAttendanceSystem" name="test_attendance_student_endpoint_requires_student" time="1.576" /><testcase classname="backend.tests.test_iteration22_new_features.TestAttendanceSystem" name="test_attendance_teacher_endpoint_requires_teacher" time="1.579" /><testcase classname="backend.tests.test_iteration22_new_features.TestRazorpayPayments" name="test_admin_payments_endpoint" time="1.813" /><testcase classname="backend.tests.test_iteration22_new_features.TestRazorpayPayments" name="test_admin_payments_with_filters" time="1.832" /><testcase classname="backend.tests.test_iteration22_new_features.TestRazorpayPayments" name="test_create_order_requires_assignment" time="1.812" /><testcase classname="backend.tests.test_iteration22_new_features.TestProofGuardrail" name="test_assign_student_endpoint_exists" time="2.036" /><testcase classname="backend.tests.test_iteration22_new_features.TestAdminDashboardEndpoints" name="test_admin_all_users" time="1.820" /><testcase classname="backend.tests.test_iteration22_new_features.TestAdminDashboardEndpoints" name="test_admin_teachers" time="1.829" /><testcase classname="backend.tests.test_iteration22_new_features.TestAdminDashboardEndpoints" name="test_admin_students" time="1.813" /><testcase classname="backend.tests.test_iteration22_new_features.TestAdminDashboardEndpoints" name="test_admin_transactions" time="1.824" /><testcase classname="backend.tests.test_iteration22_new_features.TestAdminDashboardEndpoints" name="test_admin_transactions_daily_view" time="1.804" /></testsuite></testsuites>