<?xml version="1.0" encoding="utf-8"?><testsuites name="pytest tests"><testsuite name="pytest" errors="0" failures="0" skipped="0" tests="15" time="23.122" timestamp="2026-04-25T23:14:55.916867+00:00" hostname="agent-env-eec47828-1d41-49eb-aa6f-ae90c3589b12"><testcase classname="tests.test_iteration23_payment_flow.TestAdminLogin" name="test_admin_login_success" time="2.549" /><testcase classname="tests.test_iteration23_payment_flow.TestAdminLogin" name="test_admin_login_wrong_password" time="0.453" /><testcase classname="tests.test_iteration23_payment_flow.TestRechargePackages" name="test_recharge_pack_2000_creates_order" time="2.513" /><testcase classname="tests.test_iteration23_payment_flow.TestRechargePackages" name="test_recharge_pack_5000_creates_order" time="1.875" /><testcase classname="tests.test_iteration23_payment_flow.TestRechargePackages" name="test_recharge_pack_10000_creates_order" time="1.871" /><testcase classname="tests.test_iteration23_payment_flow.TestRechargePackages" name="test_recharge_invalid_package_rejected" time="1.375" /><testcase classname="tests.test_iteration23_payment_flow.TestPaymentEndpoints" name="test_my_payments_returns_list" time="1.605" /><testcase classname="tests.test_iteration23_payment_flow.TestPaymentEndpoints" name="test_verify_recharge_requires_data" time="1.376" /><testcase classname="tests.test_iteration23_payment_flow.TestPaymentEndpoints" name="test_verify_recharge_invalid_signature" time="1.375" /><testcase classname="tests.test_iteration23_payment_flow.TestPaymentEndpoints" name="test_receipt_pdf_requires_auth" time="0.495" /><testcase classname="tests.test_iteration23_payment_flow.TestPaymentEndpoints" name="test_receipt_pdf_not_found" time="1.604" /><testcase classname="tests.test_iteration23_payment_flow.TestStudentTransactions" name="test_my_transactions_requires_student_role" time="1.375" /><testcase classname="tests.test_iteration23_payment_flow.TestTeacherStartClassPaymentCheck" name="test_start_class_requires_teacher_role" time="1.374" /><testcase classname="tests.test_iteration23_payment_flow.TestAdminPaymentsEndpoint" name="test_admin_payments_returns_data" time="1.604" /><testcase classname="tests.test_iteration23_payment_flow.TestAdminPaymentsEndpoint" name="test_admin_payments_with_filters" time="1.603" /></testsuite></testsuites>