<?xml version="1.0" encoding="utf-8"?><testsuites name="pytest tests"><testsuite name="pytest" errors="0" failures="0" skipped="0" tests="11" time="5.449" timestamp="2026-04-09T20:12:43.456964+00:00" hostname="agent-env-eec47828-1d41-49eb-aa6f-ae90c3589b12"><testcase classname="backend.tests.test_iteration14_bugfixes.TestAdminResetPassword" name="test_admin_login" time="0.403" /><testcase classname="backend.tests.test_iteration14_bugfixes.TestAdminResetPassword" name="test_reset_password_accepts_user_id" time="0.732" /><testcase classname="backend.tests.test_iteration14_bugfixes.TestAdminResetPassword" name="test_search_users_for_reset_endpoint" time="0.578" /><testcase classname="backend.tests.test_iteration14_bugfixes.TestAdminResetPassword" name="test_search_users_returns_required_fields" time="0.466" /><testcase classname="backend.tests.test_iteration14_bugfixes.TestTeacherPendingDemoFeedback" name="test_teacher_login" time="0.335" /><testcase classname="backend.tests.test_iteration14_bugfixes.TestTeacherPendingDemoFeedback" name="test_pending_demo_feedback_endpoint_exists" time="0.483" /><testcase classname="backend.tests.test_iteration14_bugfixes.TestAssignedDaysFeature" name="test_counsellor_dashboard_returns_teachers" time="0.445" /><testcase classname="backend.tests.test_iteration14_bugfixes.TestAssignedDaysFeature" name="test_teacher_dashboard_approved_students_include_assigned_days" time="0.506" /><testcase classname="backend.tests.test_iteration14_bugfixes.TestTeacherDashboardTabs" name="test_teacher_dashboard_has_three_sections" time="0.457" /><testcase classname="backend.tests.test_iteration14_bugfixes.TestStudentDashboard" name="test_student_dashboard_has_sections" time="0.471" /><testcase classname="backend.tests.test_iteration14_bugfixes.TestCounsellorRatingFilter" name="test_teachers_have_star_rating_field" time="0.503" /></testsuite></testsuites>