<?xml version="1.0" encoding="utf-8"?><testsuites name="pytest tests"><testsuite name="pytest" errors="0" failures="0" skipped="0" tests="21" time="11.884" timestamp="2026-04-08T14:36:17.353545+00:00" hostname="agent-env-eec47828-1d41-49eb-aa6f-ae90c3589b12"><testcase classname="backend.tests.test_video_class_features.TestAuth" name="test_admin_login" time="0.356" /><testcase classname="backend.tests.test_video_class_features.TestAuth" name="test_teacher_login" time="0.333" /><testcase classname="backend.tests.test_video_class_features.TestAuth" name="test_student_login" time="0.355" /><testcase classname="backend.tests.test_video_class_features.TestAuth" name="test_counsellor_login" time="0.345" /><testcase classname="backend.tests.test_video_class_features.TestTeacherDashboardWeekView" name="test_teacher_dashboard_returns_week_classes" time="0.500" /><testcase classname="backend.tests.test_video_class_features.TestTeacherDashboardWeekView" name="test_teacher_dashboard_week_classes_structure" time="0.495" /><testcase classname="backend.tests.test_video_class_features.TestClassLifecycle" name="test_get_class_status" time="0.620" /><testcase classname="backend.tests.test_video_class_features.TestClassLifecycle" name="test_start_class_creates_room" time="0.796" /><testcase classname="backend.tests.test_video_class_features.TestClassLifecycle" name="test_student_sees_in_progress_class" time="1.030" /><testcase classname="backend.tests.test_video_class_features.TestClassLifecycle" name="test_end_class_resets_status" time="0.831" /><testcase classname="backend.tests.test_video_class_features.TestClassLifecycle" name="test_start_class_notifies_student" time="1.192" /><testcase classname="backend.tests.test_video_class_features.TestClassLifecycle" name="test_non_teacher_cannot_start_class" time="0.924" /><testcase classname="backend.tests.test_video_class_features.TestStudentDashboard" name="test_student_dashboard_returns_classes" time="0.485" /><testcase classname="backend.tests.test_video_class_features.TestStudentDashboard" name="test_student_class_has_status" time="0.468" /><testcase classname="backend.tests.test_video_class_features.TestTeacherScheduleCalendar" name="test_admin_classes_returns_all_classes" time="0.463" /><testcase classname="backend.tests.test_video_class_features.TestTeacherScheduleCalendar" name="test_classes_have_schedule_status" time="0.497" /><testcase classname="backend.tests.test_video_class_features.TestStripeWebhook" name="test_stripe_webhook_endpoint_exists" time="0.101" /><testcase classname="backend.tests.test_video_class_features.TestComplaintVisibility" name="test_teacher_sees_student_complaints" time="0.461" /><testcase classname="backend.tests.test_video_class_features.TestAdminCreateStudent" name="test_admin_create_student_endpoint_exists" time="0.484" /><testcase classname="backend.tests.test_video_class_features.TestNotifications" name="test_teacher_notifications_endpoint" time="0.461" /><testcase classname="backend.tests.test_video_class_features.TestCancelClassDay" name="test_cancel_class_day_endpoint_exists" time="0.610" /></testsuite></testsuites>