<?xml version="1.0" encoding="utf-8"?><testsuites name="pytest tests"><testsuite name="pytest" errors="0" failures="0" skipped="0" tests="9" time="5.998" timestamp="2026-04-26T13:30:01.231676+00:00" hostname="agent-env-eec47828-1d41-49eb-aa6f-ae90c3589b12"><testcase classname="backend.tests.test_iteration24_relative_api" name="test_login_admin_success" time="1.066" /><testcase classname="backend.tests.test_iteration24_relative_api" name="test_login_invalid_credentials" time="0.498" /><testcase classname="backend.tests.test_iteration24_relative_api" name="test_auth_me_with_token" time="1.592" /><testcase classname="backend.tests.test_iteration24_relative_api" name="test_auth_me_without_token" time="0.112" /><testcase classname="backend.tests.test_iteration24_relative_api" name="test_zz_logout_endpoint" time="0.114" /><testcase classname="backend.tests.test_iteration24_relative_api" name="test_admin_all_users_list" time="0.827" /><testcase classname="backend.tests.test_iteration24_relative_api" name="test_admin_classes_list" time="0.792" /><testcase classname="backend.tests.test_iteration24_relative_api" name="test_admin_learning_plans_list" time="0.809" /><testcase classname="backend.tests.test_iteration24_relative_api" name="test_admin_unauthorized_without_token" time="0.111" /></testsuite></testsuites>