<?xml version="1.0" encoding="utf-8"?><testsuites name="pytest tests"><testsuite name="pytest" errors="0" failures="0" skipped="1" tests="30" time="12.940" timestamp="2026-04-08T20:04:46.922459+00:00" hostname="agent-env-eec47828-1d41-49eb-aa6f-ae90c3589b12"><testcase classname="backend.tests.test_phase4_features.TestLearningKitUpload" name="test_admin_can_upload_learning_kit" time="0.601" /><testcase classname="backend.tests.test_phase4_features.TestLearningKitUpload" name="test_teacher_cannot_upload_learning_kit" time="0.427" /><testcase classname="backend.tests.test_phase4_features.TestLearningKitUpload" name="test_student_cannot_upload_learning_kit" time="0.416" /><testcase classname="backend.tests.test_phase4_features.TestLearningKitUpload" name="test_upload_invalid_file_type" time="0.378" /><testcase classname="backend.tests.test_phase4_features.TestLearningKitList" name="test_admin_can_list_all_kits" time="0.400" /><testcase classname="backend.tests.test_phase4_features.TestLearningKitList" name="test_filter_kits_by_grade" time="0.448" /><testcase classname="backend.tests.test_phase4_features.TestLearningKitList" name="test_teacher_can_list_kits" time="0.452" /><testcase classname="backend.tests.test_phase4_features.TestLearningKitList" name="test_student_can_list_kits" time="0.404" /><testcase classname="backend.tests.test_phase4_features.TestLearningKitGrades" name="test_get_available_grades" time="0.420" /><testcase classname="backend.tests.test_phase4_features.TestLearningKitDownload" name="test_download_existing_kit" time="0.466" /><testcase classname="backend.tests.test_phase4_features.TestLearningKitDownload" name="test_download_nonexistent_kit" time="0.374" /><testcase classname="backend.tests.test_phase4_features.TestLearningKitDelete" name="test_teacher_cannot_delete_kit" time="0.367" /><testcase classname="backend.tests.test_phase4_features.TestLearningKitDelete" name="test_delete_nonexistent_kit" time="0.447" /><testcase classname="backend.tests.test_phase4_features.TestLearningKitDelete" name="test_admin_can_delete_kit" time="0.540" /><testcase classname="backend.tests.test_phase4_features.TestTeacherCalendarAdd" name="test_teacher_can_add_calendar_entry" time="0.393" /><testcase classname="backend.tests.test_phase4_features.TestTeacherCalendarAdd" name="test_student_cannot_add_calendar_entry" time="0.380" /><testcase classname="backend.tests.test_phase4_features.TestTeacherCalendarAdd" name="test_admin_cannot_add_calendar_entry" time="0.389" /><testcase classname="backend.tests.test_phase4_features.TestTeacherCalendarList" name="test_teacher_can_list_calendar_entries" time="0.422" /><testcase classname="backend.tests.test_phase4_features.TestTeacherCalendarList" name="test_filter_calendar_by_month" time="0.380" /><testcase classname="backend.tests.test_phase4_features.TestTeacherCalendarList" name="test_student_cannot_list_calendar" time="0.382" /><testcase classname="backend.tests.test_phase4_features.TestTeacherCalendarDelete" name="test_teacher_can_delete_own_entry" time="0.417" /><testcase classname="backend.tests.test_phase4_features.TestTeacherCalendarDelete" name="test_delete_nonexistent_entry" time="0.375" /><testcase classname="backend.tests.test_phase4_features.TestTeacherCalendarDelete" name="test_student_cannot_delete_calendar_entry" time="0.389" /><testcase classname="backend.tests.test_phase4_features.TestStudentNagCheck" name="test_student_nag_check_returns_status" time="0.378" /><testcase classname="backend.tests.test_phase4_features.TestStudentNagCheck" name="test_teacher_cannot_access_nag_check" time="0.396" /><testcase classname="backend.tests.test_phase4_features.TestStudentNagCheck" name="test_admin_cannot_access_nag_check" time="0.408" /><testcase classname="backend.tests.test_phase4_features.TestEmailNotifications" name="test_demo_accept_no_crash" time="0.368"><skipped type="pytest.skip" message="Cannot fetch pending demos">/app/backend/tests/test_phase4_features.py:476: Cannot fetch pending demos</skipped></testcase><testcase classname="backend.tests.test_phase4_features.TestEmailNotifications" name="test_teacher_feedback_no_crash" time="0.688" /><testcase classname="backend.tests.test_phase4_features.TestCleanup" name="test_cleanup_test_kits" time="0.446" /><testcase classname="backend.tests.test_phase4_features.TestCleanup" name="test_cleanup_test_calendar_entries" time="0.480" /></testsuite></testsuites>