<?xml version="1.0" encoding="utf-8"?><testsuites name="pytest tests"><testsuite name="pytest" errors="0" failures="0" skipped="0" tests="38" time="16.427" timestamp="2026-04-08T19:43:55.441672+00:00" hostname="agent-env-eec47828-1d41-49eb-aa6f-ae90c3589b12"><testcase classname="backend.tests.test_phase1_3_features.TestTeacherSearch" name="test_search_teachers_by_code" time="0.599" /><testcase classname="backend.tests.test_phase1_3_features.TestTeacherSearch" name="test_search_teachers_by_name" time="0.390" /><testcase classname="backend.tests.test_phase1_3_features.TestTeacherSearch" name="test_search_teachers_empty_query" time="0.422" /><testcase classname="backend.tests.test_phase1_3_features.TestTeacherSearch" name="test_search_teachers_student_denied" time="0.403" /><testcase classname="backend.tests.test_phase1_3_features.TestClassFilter" name="test_filter_classes_by_demo" time="0.457" /><testcase classname="backend.tests.test_phase1_3_features.TestClassFilter" name="test_filter_classes_by_regular" time="0.439" /><testcase classname="backend.tests.test_phase1_3_features.TestClassFilter" name="test_filter_classes_by_status" time="0.391" /><testcase classname="backend.tests.test_phase1_3_features.TestClassFilter" name="test_filter_classes_by_search" time="0.398" /><testcase classname="backend.tests.test_phase1_3_features.TestClassFilter" name="test_filter_classes_combined" time="0.391" /><testcase classname="backend.tests.test_phase1_3_features.TestClassFilter" name="test_filter_classes_student_denied" time="0.383" /><testcase classname="backend.tests.test_phase1_3_features.TestStudentFilter" name="test_filter_students_by_grade" time="0.404" /><testcase classname="backend.tests.test_phase1_3_features.TestStudentFilter" name="test_filter_students_by_city" time="0.380" /><testcase classname="backend.tests.test_phase1_3_features.TestStudentFilter" name="test_filter_students_by_state" time="0.405" /><testcase classname="backend.tests.test_phase1_3_features.TestStudentFilter" name="test_filter_students_combined" time="0.382" /><testcase classname="backend.tests.test_phase1_3_features.TestStudentFilter" name="test_filter_students_teacher_access" time="0.374" /><testcase classname="backend.tests.test_phase1_3_features.TestWalletAPI" name="test_wallet_summary_student" time="0.514" /><testcase classname="backend.tests.test_phase1_3_features.TestWalletAPI" name="test_wallet_summary_teacher" time="0.432" /><testcase classname="backend.tests.test_phase1_3_features.TestWalletAPI" name="test_wallet_summary_has_bank_details_field" time="0.407" /><testcase classname="backend.tests.test_phase1_3_features.TestAdminProofApproval" name="test_get_approved_proofs_list" time="0.411" /><testcase classname="backend.tests.test_phase1_3_features.TestAdminProofApproval" name="test_get_approved_proofs_with_date_filter" time="0.395" /><testcase classname="backend.tests.test_phase1_3_features.TestAdminProofApproval" name="test_get_approved_proofs_non_admin_denied" time="0.487" /><testcase classname="backend.tests.test_phase1_3_features.TestAdminProofApproval" name="test_approve_proof_invalid_id" time="0.387" /><testcase classname="backend.tests.test_phase1_3_features.TestCounsellorAssignStudent" name="test_assign_student_no_credit_price" time="0.490" /><testcase classname="backend.tests.test_phase1_3_features.TestAdminBadgeAssignment" name="test_assign_badge_to_teacher" time="0.560" /><testcase classname="backend.tests.test_phase1_3_features.TestAdminBadgeAssignment" name="test_assign_badge_non_admin_denied" time="0.398" /><testcase classname="backend.tests.test_phase1_3_features.TestAdminBadgeAssignment" name="test_assign_badge_to_student_denied" time="0.547" /><testcase classname="backend.tests.test_phase1_3_features.TestTeacherFeedbackToStudent" name="test_teacher_sends_feedback" time="0.468" /><testcase classname="backend.tests.test_phase1_3_features.TestTeacherFeedbackToStudent" name="test_feedback_non_teacher_denied" time="0.386" /><testcase classname="backend.tests.test_phase1_3_features.TestTeacherFeedbackToStudent" name="test_feedback_invalid_student" time="0.397" /><testcase classname="backend.tests.test_phase1_3_features.TestRenewalCheck" name="test_renewal_check_counsellor" time="0.378" /><testcase classname="backend.tests.test_phase1_3_features.TestRenewalCheck" name="test_renewal_check_admin" time="0.378" /><testcase classname="backend.tests.test_phase1_3_features.TestRenewalCheck" name="test_renewal_check_teacher" time="0.395" /><testcase classname="backend.tests.test_phase1_3_features.TestRenewalCheck" name="test_renewal_check_student" time="0.429" /><testcase classname="backend.tests.test_phase1_3_features.TestTeacherProfileUpdate" name="test_update_bank_details" time="0.617" /><testcase classname="backend.tests.test_phase1_3_features.TestTeacherProfileUpdate" name="test_update_profile_non_teacher_denied" time="0.387" /><testcase classname="backend.tests.test_phase1_3_features.TestTeacherCodeGeneration" name="test_teacher_has_code" time="0.396" /><testcase classname="backend.tests.test_phase1_3_features.TestStudentProfileFields" name="test_student_profile_fields" time="0.415" /><testcase classname="backend.tests.test_phase1_3_features.TestStudentProfileFields" name="test_update_student_profile_location" time="0.415" /></testsuite></testsuites>