<?xml version="1.0" encoding="utf-8"?><testsuites name="pytest tests"><testsuite name="pytest" errors="0" failures="0" skipped="0" tests="29" time="5.041" timestamp="2026-04-08T18:14:20.542975+00:00" hostname="agent-env-eec47828-1d41-49eb-aa6f-ae90c3589b12"><testcase classname="backend.tests.test_demo_booking.TestDemoRequestPublicEndpoint" name="test_demo_request_success" time="0.226" /><testcase classname="backend.tests.test_demo_booking.TestDemoRequestPublicEndpoint" name="test_demo_request_missing_phone" time="0.249" /><testcase classname="backend.tests.test_demo_booking.TestDemoRequestPublicEndpoint" name="test_demo_request_invalid_email" time="0.050" /><testcase classname="backend.tests.test_demo_booking.TestDemoLiveSheet" name="test_live_sheet_teacher_access" time="0.389" /><testcase classname="backend.tests.test_demo_booking.TestDemoLiveSheet" name="test_live_sheet_counsellor_access" time="0.389" /><testcase classname="backend.tests.test_demo_booking.TestDemoLiveSheet" name="test_live_sheet_admin_access" time="0.419" /><testcase classname="backend.tests.test_demo_booking.TestDemoLiveSheet" name="test_live_sheet_student_denied" time="0.381" /><testcase classname="backend.tests.test_demo_booking.TestDemoAcceptByTeacher" name="test_teacher_accept_demo" time="0.322" /><testcase classname="backend.tests.test_demo_booking.TestDemoAcceptByTeacher" name="test_accept_nonexistent_demo" time="0.047" /><testcase classname="backend.tests.test_demo_booking.TestDemoAcceptByTeacher" name="test_student_cannot_accept" time="0.094" /><testcase classname="backend.tests.test_demo_booking.TestDemoAssignByCounsellor" name="test_counsellor_assign_demo" time="0.372" /><testcase classname="backend.tests.test_demo_booking.TestDemoAssignByCounsellor" name="test_admin_can_assign_demo" time="0.387" /><testcase classname="backend.tests.test_demo_booking.TestDemoAssignByCounsellor" name="test_teacher_cannot_assign" time="0.094" /><testcase classname="backend.tests.test_demo_booking.TestDemoFeedback" name="test_student_my_demos" time="0.053" /><testcase classname="backend.tests.test_demo_booking.TestDemoFeedback" name="test_feedback_requires_student_role" time="0.046" /><testcase classname="backend.tests.test_demo_booking.TestDemoLimits" name="test_demo_limit_enforcement" time="0.184" /><testcase classname="backend.tests.test_demo_booking.TestDemoLimits" name="test_admin_grant_extra_demo" time="0.249" /><testcase classname="backend.tests.test_demo_booking.TestDemoLimits" name="test_non_admin_cannot_grant_extra" time="0.258" /><testcase classname="backend.tests.test_demo_booking.TestHistoryEndpoints" name="test_history_search" time="0.057" /><testcase classname="backend.tests.test_demo_booking.TestHistoryEndpoints" name="test_history_search_empty_query" time="0.055" /><testcase classname="backend.tests.test_demo_booking.TestHistoryEndpoints" name="test_history_users_list" time="0.081" /><testcase classname="backend.tests.test_demo_booking.TestHistoryEndpoints" name="test_student_history_profile" time="0.115" /><testcase classname="backend.tests.test_demo_booking.TestHistoryEndpoints" name="test_teacher_history_profile" time="0.106" /><testcase classname="backend.tests.test_demo_booking.TestHistoryEndpoints" name="test_student_cannot_access_history" time="0.047" /><testcase classname="backend.tests.test_demo_booking.TestDemoAllEndpoint" name="test_admin_get_all_demos" time="0.049" /><testcase classname="backend.tests.test_demo_booking.TestDemoAllEndpoint" name="test_counsellor_get_all_demos" time="0.061" /><testcase classname="backend.tests.test_demo_booking.TestDemoAllEndpoint" name="test_teacher_cannot_get_all_demos" time="0.050" /><testcase classname="backend.tests.test_demo_booking.TestFeedbackPendingEndpoint" name="test_counsellor_get_pending_feedback" time="0.051" /><testcase classname="backend.tests.test_demo_booking.TestFeedbackPendingEndpoint" name="test_student_cannot_get_pending_feedback" time="0.051" /></testsuite></testsuites>