<?xml version="1.0" encoding="utf-8"?><testsuites name="pytest tests"><testsuite name="pytest" errors="0" failures="0" skipped="0" tests="21" time="8.282" timestamp="2026-04-09T19:33:54.538744+00:00" hostname="agent-env-eec47828-1d41-49eb-aa6f-ae90c3589b12"><testcase classname="backend.tests.test_iteration13_overhaul.TestAuthAndSetup" name="test_admin_login" time="0.368" /><testcase classname="backend.tests.test_iteration13_overhaul.TestAuthAndSetup" name="test_teacher_login" time="0.366" /><testcase classname="backend.tests.test_iteration13_overhaul.TestAuthAndSetup" name="test_student_login" time="0.324" /><testcase classname="backend.tests.test_iteration13_overhaul.TestAuthAndSetup" name="test_counsellor_login" time="0.358" /><testcase classname="backend.tests.test_iteration13_overhaul.TestPurgeSystemEndpoint" name="test_purge_system_requires_auth" time="0.128" /><testcase classname="backend.tests.test_iteration13_overhaul.TestPurgeSystemEndpoint" name="test_purge_system_requires_admin" time="0.449" /><testcase classname="backend.tests.test_iteration13_overhaul.TestDemoFirstConstraint" name="test_assign_student_without_demo_fails" time="0.596" /><testcase classname="backend.tests.test_iteration13_overhaul.TestFinancialLogic" name="test_insufficient_funds_check" time="0.466" /><testcase classname="backend.tests.test_iteration13_overhaul.TestFinancialLogic" name="test_duplicate_class_prevention" time="0.487" /><testcase classname="backend.tests.test_iteration13_overhaul.TestTeacherDashboard" name="test_teacher_dashboard_structure" time="0.475" /><testcase classname="backend.tests.test_iteration13_overhaul.TestStudentDashboard" name="test_student_dashboard_structure" time="0.455" /><testcase classname="backend.tests.test_iteration13_overhaul.TestTeacherRatingSystem" name="test_teacher_my_rating_endpoint" time="0.451" /><testcase classname="backend.tests.test_iteration13_overhaul.TestTeacherRatingSystem" name="test_admin_teacher_ratings_endpoint" time="0.499" /><testcase classname="backend.tests.test_iteration13_overhaul.TestTeacherRatingSystem" name="test_teacher_cancel_class_endpoint" time="0.128" /><testcase classname="backend.tests.test_iteration13_overhaul.TestTeacherRatingSystem" name="test_student_rate_class_endpoint" time="0.112" /><testcase classname="backend.tests.test_iteration13_overhaul.TestChatSystem" name="test_chat_send_requires_auth" time="0.119" /><testcase classname="backend.tests.test_iteration13_overhaul.TestChatSystem" name="test_chat_contacts_endpoint" time="0.460" /><testcase classname="backend.tests.test_iteration13_overhaul.TestChatSystem" name="test_chat_conversations_endpoint" time="0.487" /><testcase classname="backend.tests.test_iteration13_overhaul.TestChatSystem" name="test_chat_messages_endpoint" time="0.496" /><testcase classname="backend.tests.test_iteration13_overhaul.TestChatSystem" name="test_chat_permission_scoping" time="0.486" /><testcase classname="backend.tests.test_iteration13_overhaul.TestCounsellorRatingFilter" name="test_counsellor_dashboard_has_teachers_with_ratings" time="0.496" /></testsuite></testsuites>