<?xml version="1.0" encoding="utf-8"?><testsuites name="pytest tests"><testsuite name="pytest" errors="0" failures="0" skipped="2" tests="15" time="7.464" timestamp="2026-04-10T12:09:58.986243+00:00" hostname="agent-env-eec47828-1d41-49eb-aa6f-ae90c3589b12"><testcase classname="backend.tests.test_iteration20_bugfixes.TestRegressionLogins" name="test_admin_login" time="0.496" /><testcase classname="backend.tests.test_iteration20_bugfixes.TestRegressionLogins" name="test_teacher_login" time="0.337" /><testcase classname="backend.tests.test_iteration20_bugfixes.TestRegressionLogins" name="test_student_login" time="0.339" /><testcase classname="backend.tests.test_iteration20_bugfixes.TestRegressionLogins" name="test_counselor_login" time="0.342" /><testcase classname="backend.tests.test_iteration20_bugfixes.TestRegressionDashboards" name="test_admin_dashboard" time="0.380" /><testcase classname="backend.tests.test_iteration20_bugfixes.TestRegressionDashboards" name="test_teacher_dashboard" time="0.394" /><testcase classname="backend.tests.test_iteration20_bugfixes.TestRegressionDashboards" name="test_student_dashboard" time="0.383" /><testcase classname="backend.tests.test_iteration20_bugfixes.TestRegressionDashboards" name="test_counselor_dashboard" time="0.453" /><testcase classname="backend.tests.test_iteration20_bugfixes.TestTeacherDashboardProofSubmitted" name="test_conducted_classes_have_proof_submitted_flag" time="0.394" /><testcase classname="backend.tests.test_iteration20_bugfixes.TestCancelClassDoublePrevention" name="test_double_cancel_returns_400" time="0.406"><skipped type="pytest.skip" message="No cancelled class available for double cancel test">/app/backend/tests/test_iteration20_bugfixes.py:193: No cancelled class available for double cancel test</skipped></testcase><testcase classname="backend.tests.test_iteration20_bugfixes.TestAssignmentDemoFirstConstraint" name="test_assignment_rejected_without_completed_demo" time="1.038" /><testcase classname="backend.tests.test_iteration20_bugfixes.TestAssignmentDemoFirstConstraint" name="test_assignment_succeeds_with_completed_demo" time="0.808"><skipped type="pytest.skip" message="No unassigned student with completed demo available for assignment test">/app/backend/tests/test_iteration20_bugfixes.py:292: No unassigned student with completed demo available for assignment test</skipped></testcase><testcase classname="backend.tests.test_iteration20_bugfixes.TestDemoCompletionOnClassEnd" name="test_demo_request_status_check" time="0.383" /><testcase classname="backend.tests.test_iteration20_bugfixes.TestCounselorAssignmentFlow" name="test_counselor_can_see_assign_dialog_data" time="0.407" /><testcase classname="backend.tests.test_iteration20_bugfixes.TestAssignedDaysParameter" name="test_assigned_days_is_integer" time="0.805" /></testsuite></testsuites>