<?xml version="1.0" encoding="utf-8"?><testsuites name="pytest tests"><testsuite name="pytest" errors="0" failures="0" skipped="0" tests="22" time="4.587" timestamp="2026-04-08T21:31:15.256313+00:00" hostname="agent-env-eec47828-1d41-49eb-aa6f-ae90c3589b12"><testcase classname="backend.tests.test_iteration9_features.TestAdminCreateTeacher" name="test_create_teacher_success" time="0.800" /><testcase classname="backend.tests.test_iteration9_features.TestAdminCreateTeacher" name="test_create_teacher_duplicate_email" time="0.051" /><testcase classname="backend.tests.test_iteration9_features.TestAdminCreateTeacher" name="test_non_admin_cannot_create_teacher" time="0.421" /><testcase classname="backend.tests.test_iteration9_features.TestAdminCreateCounsellor" name="test_create_counsellor_success" time="0.276" /><testcase classname="backend.tests.test_iteration9_features.TestAdminCreateCounsellor" name="test_non_admin_cannot_create_counsellor" time="0.426" /><testcase classname="backend.tests.test_iteration9_features.TestAdminBlockUser" name="test_block_user_success" time="0.333" /><testcase classname="backend.tests.test_iteration9_features.TestAdminBlockUser" name="test_blocked_user_cannot_login" time="0.373" /><testcase classname="backend.tests.test_iteration9_features.TestAdminBlockUser" name="test_unblock_user_success" time="0.050" /><testcase classname="backend.tests.test_iteration9_features.TestAdminBlockUser" name="test_cannot_block_admin" time="0.113" /><testcase classname="backend.tests.test_iteration9_features.TestAdminDeleteUser" name="test_delete_user_success" time="0.334" /><testcase classname="backend.tests.test_iteration9_features.TestAdminDeleteUser" name="test_cannot_delete_admin" time="0.094" /><testcase classname="backend.tests.test_iteration9_features.TestAdminDeleteUser" name="test_delete_nonexistent_user" time="0.047" /><testcase classname="backend.tests.test_iteration9_features.TestCounsellorDailyStats" name="test_get_counsellor_daily_stats" time="0.097" /><testcase classname="backend.tests.test_iteration9_features.TestCounsellorDailyStats" name="test_non_admin_cannot_get_daily_stats" time="0.059" /><testcase classname="backend.tests.test_iteration9_features.TestHistorySearch" name="test_history_search_returns_results" time="0.054" /><testcase classname="backend.tests.test_iteration9_features.TestHistorySearch" name="test_history_search_empty_query" time="0.046" /><testcase classname="backend.tests.test_iteration9_features.TestHistorySearch" name="test_counsellor_can_search_history" time="0.065" /><testcase classname="backend.tests.test_iteration9_features.TestWalletTransactionAmounts" name="test_credit_add_stores_positive" time="0.166" /><testcase classname="backend.tests.test_iteration9_features.TestWalletTransactionAmounts" name="test_credit_deduct_stores_negative" time="0.153" /><testcase classname="backend.tests.test_iteration9_features.TestAllUsersEndpoint" name="test_get_all_users" time="0.053" /><testcase classname="backend.tests.test_iteration9_features.TestAllUsersEndpoint" name="test_non_admin_cannot_get_all_users" time="0.048" /><testcase classname="backend.tests.test_iteration9_features.TestCleanup" name="test_cleanup_created_users" time="0.430" /></testsuite></testsuites>