<?xml version="1.0" encoding="utf-8"?><testsuites name="pytest tests"><testsuite name="pytest" errors="0" failures="0" skipped="0" tests="23" time="4.220" timestamp="2026-04-10T10:20:39.003706+00:00" hostname="agent-env-eec47828-1d41-49eb-aa6f-ae90c3589b12"><testcase classname="backend.tests.test_iteration18_profile_features.TestRegressionLogins" name="test_admin_login" time="0.366" /><testcase classname="backend.tests.test_iteration18_profile_features.TestRegressionLogins" name="test_teacher_login" time="0.272" /><testcase classname="backend.tests.test_iteration18_profile_features.TestRegressionLogins" name="test_student_login" time="0.278" /><testcase classname="backend.tests.test_iteration18_profile_features.TestRegressionLogins" name="test_counselor_login" time="0.276" /><testcase classname="backend.tests.test_iteration18_profile_features.TestTeacherProfile" name="test_get_teacher_profile" time="0.327" /><testcase classname="backend.tests.test_iteration18_profile_features.TestTeacherProfile" name="test_update_teacher_profile" time="0.092" /><testcase classname="backend.tests.test_iteration18_profile_features.TestTeacherProfile" name="test_teacher_upload_resume" time="0.051" /><testcase classname="backend.tests.test_iteration18_profile_features.TestTeacherProfile" name="test_view_teacher_profile_non_admin" time="0.366" /><testcase classname="backend.tests.test_iteration18_profile_features.TestTeacherProfile" name="test_view_teacher_profile_admin" time="0.371" /><testcase classname="backend.tests.test_iteration18_profile_features.TestCounselorProfile" name="test_get_counselor_profile" time="0.320" /><testcase classname="backend.tests.test_iteration18_profile_features.TestCounselorProfile" name="test_update_counselor_profile" time="0.047" /><testcase classname="backend.tests.test_iteration18_profile_features.TestCounselorProfile" name="test_counselor_upload_resume" time="0.047" /><testcase classname="backend.tests.test_iteration18_profile_features.TestBankDetailsLock" name="test_create_test_teacher_for_bank_test" time="0.280" /><testcase classname="backend.tests.test_iteration18_profile_features.TestBankDetailsLock" name="test_teacher_bank_first_entry" time="0.101" /><testcase classname="backend.tests.test_iteration18_profile_features.TestBankDetailsLock" name="test_admin_bank_override" time="0.051" /><testcase classname="backend.tests.test_iteration18_profile_features.TestAdminCreateStudent" name="test_create_student_without_preferred_time" time="0.278" /><testcase classname="backend.tests.test_iteration18_profile_features.TestErrorHandling" name="test_invalid_login_error_message" time="0.047" /><testcase classname="backend.tests.test_iteration18_profile_features.TestErrorHandling" name="test_unauthorized_access_error_message" time="0.047" /><testcase classname="backend.tests.test_iteration18_profile_features.TestDashboardRegression" name="test_admin_dashboard_endpoints" time="0.203" /><testcase classname="backend.tests.test_iteration18_profile_features.TestDashboardRegression" name="test_teacher_dashboard_endpoint" time="0.053" /><testcase classname="backend.tests.test_iteration18_profile_features.TestDashboardRegression" name="test_student_dashboard_endpoint" time="0.048" /><testcase classname="backend.tests.test_iteration18_profile_features.TestDashboardRegression" name="test_counselor_dashboard_endpoint" time="0.048" /><testcase classname="backend.tests.test_iteration18_profile_features.TestCleanup" name="test_cleanup_test_users" time="0.144" /></testsuite></testsuites>