<?xml version="1.0" encoding="utf-8"?><testsuites name="pytest tests"><testsuite name="pytest" errors="0" failures="0" skipped="0" tests="56" time="9.991" timestamp="2026-04-09T20:57:34.866813+00:00" hostname="agent-env-eec47828-1d41-49eb-aa6f-ae90c3589b12"><testcase classname="tests.test_regression_refactor.TestAuthEndpoints" name="test_admin_login" time="0.550" /><testcase classname="tests.test_regression_refactor.TestAuthEndpoints" name="test_teacher_login" time="0.374" /><testcase classname="tests.test_regression_refactor.TestAuthEndpoints" name="test_student_login" time="0.349" /><testcase classname="tests.test_regression_refactor.TestAuthEndpoints" name="test_counsellor_login" time="0.335" /><testcase classname="tests.test_regression_refactor.TestAuthEndpoints" name="test_auth_me" time="0.515" /><testcase classname="tests.test_regression_refactor.TestAuthEndpoints" name="test_invalid_login" time="0.156" /><testcase classname="tests.test_regression_refactor.TestAdminEndpoints" name="test_admin_get_teachers" time="0.137" /><testcase classname="tests.test_regression_refactor.TestAdminEndpoints" name="test_admin_get_students" time="0.123" /><testcase classname="tests.test_regression_refactor.TestAdminEndpoints" name="test_admin_get_pricing" time="0.164" /><testcase classname="tests.test_regression_refactor.TestAdminEndpoints" name="test_admin_get_transactions" time="0.142" /><testcase classname="tests.test_regression_refactor.TestAdminEndpoints" name="test_admin_all_assignments" time="0.122" /><testcase classname="tests.test_regression_refactor.TestAdminEndpoints" name="test_admin_teacher_ratings" time="0.115" /><testcase classname="tests.test_regression_refactor.TestAdminEndpoints" name="test_admin_complaints" time="0.115" /><testcase classname="tests.test_regression_refactor.TestAdminEndpoints" name="test_admin_all_users" time="0.116" /><testcase classname="tests.test_regression_refactor.TestAdminEndpoints" name="test_admin_classes" time="0.111" /><testcase classname="tests.test_regression_refactor.TestAdminEndpoints" name="test_admin_search_users_for_reset" time="0.485" /><testcase classname="tests.test_regression_refactor.TestAdminEndpoints" name="test_admin_badge_templates" time="0.115" /><testcase classname="tests.test_regression_refactor.TestAdminEndpoints" name="test_admin_counsellor_tracking" time="0.111" /><testcase classname="tests.test_regression_refactor.TestAdminEndpoints" name="test_admin_approved_proofs" time="0.150" /><testcase classname="tests.test_regression_refactor.TestAdminEndpoints" name="test_admin_emergency_assignments" time="0.141" /><testcase classname="tests.test_regression_refactor.TestTeacherEndpoints" name="test_teacher_dashboard" time="0.451" /><testcase classname="tests.test_regression_refactor.TestTeacherEndpoints" name="test_teacher_my_rating" time="0.147" /><testcase classname="tests.test_regression_refactor.TestTeacherEndpoints" name="test_teacher_schedule" time="0.135" /><testcase classname="tests.test_regression_refactor.TestTeacherEndpoints" name="test_teacher_my_proofs" time="0.121" /><testcase classname="tests.test_regression_refactor.TestTeacherEndpoints" name="test_teacher_pending_demo_feedback" time="0.105" /><testcase classname="tests.test_regression_refactor.TestTeacherEndpoints" name="test_teacher_student_complaints" time="0.121" /><testcase classname="tests.test_regression_refactor.TestTeacherEndpoints" name="test_teacher_calendar" time="0.118" /><testcase classname="tests.test_regression_refactor.TestTeacherEndpoints" name="test_teacher_grouped_classes" time="0.124" /><testcase classname="tests.test_regression_refactor.TestStudentEndpoints" name="test_student_dashboard" time="0.455" /><testcase classname="tests.test_regression_refactor.TestStudentEndpoints" name="test_student_enrollment_status" time="0.125" /><testcase classname="tests.test_regression_refactor.TestStudentEndpoints" name="test_student_nag_check" time="0.139" /><testcase classname="tests.test_regression_refactor.TestStudentEndpoints" name="test_student_demo_feedback_received" time="0.113" /><testcase classname="tests.test_regression_refactor.TestCounsellorEndpoints" name="test_counsellor_dashboard" time="0.448" /><testcase classname="tests.test_regression_refactor.TestCounsellorEndpoints" name="test_counsellor_pending_proofs" time="0.114" /><testcase classname="tests.test_regression_refactor.TestCounsellorEndpoints" name="test_counsellor_all_proofs" time="0.107" /><testcase classname="tests.test_regression_refactor.TestCounsellorEndpoints" name="test_counsellor_expired_classes" time="0.119" /><testcase classname="tests.test_regression_refactor.TestCounsellorEndpoints" name="test_counsellor_search_students" time="0.125" /><testcase classname="tests.test_regression_refactor.TestChatEndpoints" name="test_chat_contacts" time="0.110" /><testcase classname="tests.test_regression_refactor.TestChatEndpoints" name="test_chat_conversations" time="0.117" /><testcase classname="tests.test_regression_refactor.TestDemoEndpoints" name="test_demo_all" time="0.118" /><testcase classname="tests.test_regression_refactor.TestDemoEndpoints" name="test_demo_live_sheet" time="0.112" /><testcase classname="tests.test_regression_refactor.TestDemoEndpoints" name="test_demo_my_demos" time="0.173" /><testcase classname="tests.test_regression_refactor.TestDemoEndpoints" name="test_demo_feedback_pending" time="0.120" /><testcase classname="tests.test_regression_refactor.TestGeneralEndpoints" name="test_notifications_my" time="0.124" /><testcase classname="tests.test_regression_refactor.TestGeneralEndpoints" name="test_wallet_summary" time="0.107" /><testcase classname="tests.test_regression_refactor.TestGeneralEndpoints" name="test_history_search" time="0.155" /><testcase classname="tests.test_regression_refactor.TestGeneralEndpoints" name="test_history_users" time="0.113" /><testcase classname="tests.test_regression_refactor.TestGeneralEndpoints" name="test_search_teachers" time="0.110" /><testcase classname="tests.test_regression_refactor.TestGeneralEndpoints" name="test_filter_classes" time="0.128" /><testcase classname="tests.test_regression_refactor.TestGeneralEndpoints" name="test_filter_students" time="0.150" /><testcase classname="tests.test_regression_refactor.TestGeneralEndpoints" name="test_learning_kit" time="0.119" /><testcase classname="tests.test_regression_refactor.TestGeneralEndpoints" name="test_learning_kit_grades" time="0.111" /><testcase classname="tests.test_regression_refactor.TestGeneralEndpoints" name="test_renewal_check" time="0.114" /><testcase classname="tests.test_regression_refactor.TestGeneralEndpoints" name="test_renewal_my_meetings" time="0.122" /><testcase classname="tests.test_regression_refactor.TestGeneralEndpoints" name="test_complaints_my" time="0.113" /><testcase classname="tests.test_regression_refactor.TestClassEndpoints" name="test_classes_browse" time="0.134" /></testsuite></testsuites>