<?xml version="1.0" encoding="utf-8"?><testsuites name="pytest tests"><testsuite name="pytest" errors="0" failures="1" skipped="0" tests="33" time="12.775" timestamp="2026-04-08T13:05:31.867525+00:00" hostname="agent-env-eec47828-1d41-49eb-aa6f-ae90c3589b12"><testcase classname="backend.tests.test_edtech_crm.TestAuthentication" name="test_admin_login" time="0.532" /><testcase classname="backend.tests.test_edtech_crm.TestAuthentication" name="test_student1_login" time="0.346" /><testcase classname="backend.tests.test_edtech_crm.TestAuthentication" name="test_student2_login" time="0.373" /><testcase classname="backend.tests.test_edtech_crm.TestAuthentication" name="test_teacher1_login" time="0.337" /><testcase classname="backend.tests.test_edtech_crm.TestAuthentication" name="test_teacher2_login" time="0.383" /><testcase classname="backend.tests.test_edtech_crm.TestAuthentication" name="test_counsellor_login" time="0.345" /><testcase classname="backend.tests.test_edtech_crm.TestAuthentication" name="test_invalid_credentials" time="0.106" /><testcase classname="backend.tests.test_edtech_crm.TestStudentProfile" name="test_student_update_profile" time="0.543"><failure message="AssertionError: assert None == 'TEST_MIT'&#10; +  where None = &lt;built-in method get of dict object at 0xfcc191ab5a40&gt;('institute')&#10; +    where &lt;built-in method get of dict object at 0xfcc191ab5a40&gt; = {'bio': None, 'created_at': '2026-04-08T10:36:39.847000+00:00', 'credits': 50.0, 'email': 'student1@kaimera.com', ...}.get">backend/tests/test_edtech_crm.py:147: in test_student_update_profile
    assert user_data.get('institute') == "TEST_MIT"
E   AssertionError: assert None == 'TEST_MIT'
E    +  where None = &lt;built-in method get of dict object at 0xfcc191ab5a40&gt;('institute')
E    +    where &lt;built-in method get of dict object at 0xfcc191ab5a40&gt; = {'bio': None, 'created_at': '2026-04-08T10:36:39.847000+00:00', 'credits': 50.0, 'email': 'student1@kaimera.com', ...}.get</failure></testcase><testcase classname="backend.tests.test_edtech_crm.TestStudentProfile" name="test_student_dashboard_loads" time="0.415" /><testcase classname="backend.tests.test_edtech_crm.TestCounsellor" name="test_counsellor_dashboard" time="0.371" /><testcase classname="backend.tests.test_edtech_crm.TestCounsellor" name="test_counsellor_student_profile" time="0.491" /><testcase classname="backend.tests.test_edtech_crm.TestCounsellor" name="test_counsellor_pending_proofs" time="0.429" /><testcase classname="backend.tests.test_edtech_crm.TestCounsellor" name="test_counsellor_all_proofs" time="0.377" /><testcase classname="backend.tests.test_edtech_crm.TestCounsellor" name="test_counsellor_expired_classes" time="0.400" /><testcase classname="backend.tests.test_edtech_crm.TestTeacher" name="test_teacher_dashboard" time="0.421" /><testcase classname="backend.tests.test_edtech_crm.TestTeacher" name="test_teacher_my_proofs" time="0.390" /><testcase classname="backend.tests.test_edtech_crm.TestComplaints" name="test_student_create_complaint" time="0.372" /><testcase classname="backend.tests.test_edtech_crm.TestComplaints" name="test_teacher_create_complaint" time="0.400" /><testcase classname="backend.tests.test_edtech_crm.TestComplaints" name="test_counsellor_create_complaint" time="0.391" /><testcase classname="backend.tests.test_edtech_crm.TestComplaints" name="test_admin_cannot_create_complaint" time="0.413" /><testcase classname="backend.tests.test_edtech_crm.TestComplaints" name="test_student_get_my_complaints" time="0.392" /><testcase classname="backend.tests.test_edtech_crm.TestComplaints" name="test_admin_get_all_complaints" time="0.379" /><testcase classname="backend.tests.test_edtech_crm.TestComplaints" name="test_admin_resolve_complaint" time="0.452" /><testcase classname="backend.tests.test_edtech_crm.TestAdmin" name="test_admin_get_teachers" time="0.390" /><testcase classname="backend.tests.test_edtech_crm.TestAdmin" name="test_admin_get_students" time="0.383" /><testcase classname="backend.tests.test_edtech_crm.TestAdmin" name="test_admin_get_classes" time="0.405" /><testcase classname="backend.tests.test_edtech_crm.TestAdmin" name="test_admin_get_pricing" time="0.429" /><testcase classname="backend.tests.test_edtech_crm.TestAdmin" name="test_admin_set_pricing" time="0.381" /><testcase classname="backend.tests.test_edtech_crm.TestAdmin" name="test_admin_get_all_assignments" time="0.373" /><testcase classname="backend.tests.test_edtech_crm.TestFullWorkflow" name="test_assignment_workflow" time="0.439" /><testcase classname="backend.tests.test_edtech_crm.TestFullWorkflow" name="test_proof_submission_workflow" time="0.377" /><testcase classname="backend.tests.test_edtech_crm.TestFullWorkflow" name="test_proof_verification_workflow" time="0.407" /><testcase classname="backend.tests.test_edtech_crm.TestCleanup" name="test_cleanup_test_complaints" time="0.000" /></testsuite></testsuites>