<?xml version="1.0" encoding="utf-8"?><testsuites name="pytest tests"><testsuite name="pytest" errors="0" failures="0" skipped="0" tests="18" time="10.053" timestamp="2026-04-09T12:22:30.117121+00:00" hostname="agent-env-eec47828-1d41-49eb-aa6f-ae90c3589b12"><testcase classname="backend.tests.test_iteration11_new_features.TestAdminSystemPricing" name="test_get_pricing_returns_data" time="0.540" /><testcase classname="backend.tests.test_iteration11_new_features.TestAdminSystemPricing" name="test_set_pricing_saves_correctly" time="0.429" /><testcase classname="backend.tests.test_iteration11_new_features.TestAdminSystemPricing" name="test_set_pricing_non_admin_blocked" time="0.749" /><testcase classname="backend.tests.test_iteration11_new_features.TestAdminEditStudent" name="test_edit_student_updates_profile" time="0.478" /><testcase classname="backend.tests.test_iteration11_new_features.TestAdminEditStudent" name="test_edit_student_credits" time="0.429" /><testcase classname="backend.tests.test_iteration11_new_features.TestAdminEditStudent" name="test_edit_student_not_found" time="0.529" /><testcase classname="backend.tests.test_iteration11_new_features.TestAdminEditStudent" name="test_edit_student_non_admin_blocked" time="0.787" /><testcase classname="backend.tests.test_iteration11_new_features.TestCounsellorStudentProfile" name="test_student_profile_returns_demo_history" time="0.771" /><testcase classname="backend.tests.test_iteration11_new_features.TestCounsellorStudentProfile" name="test_student_profile_demo_history_has_teacher_name" time="0.766" /><testcase classname="backend.tests.test_iteration11_new_features.TestCounsellorStudentProfile" name="test_student_profile_not_found" time="0.754" /><testcase classname="backend.tests.test_iteration11_new_features.TestCounsellorAssignStudentNewFields" name="test_assign_student_with_new_fields" time="0.861" /><testcase classname="backend.tests.test_iteration11_new_features.TestTeacherRescheduleClass" name="test_reschedule_requires_cancelled_today" time="0.443" /><testcase classname="backend.tests.test_iteration11_new_features.TestTeacherRescheduleClass" name="test_reschedule_requires_all_fields" time="0.370" /><testcase classname="backend.tests.test_iteration11_new_features.TestTeacherRescheduleClass" name="test_reschedule_non_teacher_blocked" time="0.736" /><testcase classname="backend.tests.test_iteration11_new_features.TestLoginAllRoles" name="test_admin_login" time="0.328" /><testcase classname="backend.tests.test_iteration11_new_features.TestLoginAllRoles" name="test_student_login" time="0.336" /><testcase classname="backend.tests.test_iteration11_new_features.TestLoginAllRoles" name="test_teacher_login" time="0.334" /><testcase classname="backend.tests.test_iteration11_new_features.TestLoginAllRoles" name="test_counsellor_login" time="0.318" /></testsuite></testsuites>