<?xml version="1.0" encoding="utf-8"?><testsuites name="pytest tests"><testsuite name="pytest" errors="0" failures="0" skipped="0" tests="16" time="7.915" timestamp="2026-04-08T20:41:17.049339+00:00" hostname="agent-env-eec47828-1d41-49eb-aa6f-ae90c3589b12"><testcase classname="backend.tests.test_iteration8_ui_overhaul.TestAdminCredentialManagement" name="test_admin_get_all_users" time="0.579" /><testcase classname="backend.tests.test_iteration8_ui_overhaul.TestAdminCredentialManagement" name="test_admin_reset_password" time="0.692" /><testcase classname="backend.tests.test_iteration8_ui_overhaul.TestAdminCredentialManagement" name="test_admin_reset_password_invalid_email" time="0.399" /><testcase classname="backend.tests.test_iteration8_ui_overhaul.TestAdminCredentialManagement" name="test_admin_reset_password_missing_fields" time="0.460" /><testcase classname="backend.tests.test_iteration8_ui_overhaul.TestAdminCredentialManagement" name="test_admin_get_user_detail" time="0.890" /><testcase classname="backend.tests.test_iteration8_ui_overhaul.TestAdminBadgeTemplates" name="test_get_badge_templates" time="0.417" /><testcase classname="backend.tests.test_iteration8_ui_overhaul.TestAdminBadgeTemplates" name="test_create_badge_template" time="0.475" /><testcase classname="backend.tests.test_iteration8_ui_overhaul.TestAdminBadgeTemplates" name="test_create_duplicate_badge_template" time="0.436" /><testcase classname="backend.tests.test_iteration8_ui_overhaul.TestAdminBadgeTemplates" name="test_delete_badge_template" time="0.496" /><testcase classname="backend.tests.test_iteration8_ui_overhaul.TestAdminCounsellorTracking" name="test_get_counsellor_tracking" time="0.407" /><testcase classname="backend.tests.test_iteration8_ui_overhaul.TestTeacherDashboardEndpoints" name="test_teacher_grouped_classes" time="0.411" /><testcase classname="backend.tests.test_iteration8_ui_overhaul.TestTeacherDashboardEndpoints" name="test_teacher_dashboard" time="0.392" /><testcase classname="backend.tests.test_iteration8_ui_overhaul.TestNonAdminAccessDenied" name="test_teacher_cannot_access_counsellor_tracking" time="0.397" /><testcase classname="backend.tests.test_iteration8_ui_overhaul.TestNonAdminAccessDenied" name="test_student_cannot_access_badge_templates" time="0.387" /><testcase classname="backend.tests.test_iteration8_ui_overhaul.TestNonAdminAccessDenied" name="test_teacher_cannot_reset_password" time="0.428" /><testcase classname="backend.tests.test_iteration8_ui_overhaul.TestCleanup" name="test_cleanup_test_badges" time="0.560" /></testsuite></testsuites>