<?xml version="1.0" encoding="utf-8"?><testsuites name="pytest tests"><testsuite name="pytest" errors="0" failures="0" skipped="0" tests="18" time="13.994" timestamp="2026-04-10T07:04:43.281292+00:00" hostname="agent-env-eec47828-1d41-49eb-aa6f-ae90c3589b12"><testcase classname="tests.test_iteration17_new_features.TestSingleDeviceSession" name="test_student_single_device_session" time="2.041" /><testcase classname="tests.test_iteration17_new_features.TestSingleDeviceSession" name="test_teacher_single_device_session" time="1.935" /><testcase classname="tests.test_iteration17_new_features.TestSingleDeviceSession" name="test_admin_single_device_session" time="1.955" /><testcase classname="tests.test_iteration17_new_features.TestDemoChatContacts" name="test_chat_contacts_admin_sees_all" time="0.381" /><testcase classname="tests.test_iteration17_new_features.TestDemoChatContacts" name="test_chat_contacts_counsellor_sees_all" time="0.385" /><testcase classname="tests.test_iteration17_new_features.TestDemoChatContacts" name="test_student_can_message_counsellors" time="0.421" /><testcase classname="tests.test_iteration17_new_features.TestDemoChatContacts" name="test_teacher_chat_contacts_includes_demo_students" time="0.377" /><testcase classname="tests.test_iteration17_new_features.TestDemoChatContacts" name="test_student_chat_contacts_includes_demo_teachers" time="0.379" /><testcase classname="tests.test_iteration17_new_features.TestDemoFlowChatIntegration" name="test_create_demo_and_verify_chat_contacts" time="2.592" /><testcase classname="tests.test_iteration17_new_features.TestRegressionLogins" name="test_admin_login" time="0.332" /><testcase classname="tests.test_iteration17_new_features.TestRegressionLogins" name="test_teacher_login" time="0.349" /><testcase classname="tests.test_iteration17_new_features.TestRegressionLogins" name="test_student_login" time="0.345" /><testcase classname="tests.test_iteration17_new_features.TestRegressionLogins" name="test_counsellor_login" time="0.330" /><testcase classname="tests.test_iteration17_new_features.TestRegressionDashboards" name="test_admin_dashboard_endpoints" time="0.549" /><testcase classname="tests.test_iteration17_new_features.TestRegressionDashboards" name="test_teacher_dashboard_endpoint" time="0.390" /><testcase classname="tests.test_iteration17_new_features.TestRegressionDashboards" name="test_student_dashboard_endpoint" time="0.373" /><testcase classname="tests.test_iteration17_new_features.TestRegressionDashboards" name="test_counsellor_dashboard_endpoint" time="0.373" /><testcase classname="tests.test_iteration17_new_features.TestStudentEnrollmentStatus" name="test_student_enrollment_status" time="0.377" /></testsuite></testsuites>