<?xml version="1.0" encoding="utf-8"?><testsuites name="pytest tests"><testsuite name="pytest" errors="0" failures="0" skipped="0" tests="23" time="14.484" timestamp="2026-04-09T21:14:09.219222+00:00" hostname="agent-env-eec47828-1d41-49eb-aa6f-ae90c3589b12"><testcase classname="backend.tests.test_iteration16_security.TestRegressionLogins" name="test_admin_login" time="0.553" /><testcase classname="backend.tests.test_iteration16_security.TestRegressionLogins" name="test_teacher_login" time="0.376" /><testcase classname="backend.tests.test_iteration16_security.TestRegressionLogins" name="test_student_login" time="0.356" /><testcase classname="backend.tests.test_iteration16_security.TestRegressionLogins" name="test_counsellor_login" time="0.372" /><testcase classname="backend.tests.test_iteration16_security.TestRegressionLogins" name="test_invalid_login_rejected" time="0.140" /><testcase classname="backend.tests.test_iteration16_security.TestSecurityBlockedUsers" name="test_blocked_user_cannot_access_api" time="1.641" /><testcase classname="backend.tests.test_iteration16_security.TestSecurityDuplicateRegistration" name="test_duplicate_email_registration_rejected" time="0.125" /><testcase classname="backend.tests.test_iteration16_security.TestSecurityDuplicateRegistration" name="test_duplicate_phone_registration_rejected" time="0.955" /><testcase classname="backend.tests.test_iteration16_security.TestSecurityCreditDeduction" name="test_credit_deduction_floor" time="0.974" /><testcase classname="backend.tests.test_iteration16_security.TestSecurityPasswordReset" name="test_password_reset_invalidates_sessions" time="1.737" /><testcase classname="backend.tests.test_iteration16_security.TestSecurityAdminProtection" name="test_cannot_block_admin" time="0.467" /><testcase classname="backend.tests.test_iteration16_security.TestSecurityAdminProtection" name="test_cannot_delete_admin" time="0.498" /><testcase classname="backend.tests.test_iteration16_security.TestSecurityEditStudentDuplicate" name="test_edit_student_duplicate_email_rejected" time="1.380" /><testcase classname="backend.tests.test_iteration16_security.TestRegressionAdminEndpoints" name="test_admin_get_pricing" time="0.456" /><testcase classname="backend.tests.test_iteration16_security.TestRegressionAdminEndpoints" name="test_admin_get_teachers" time="0.492" /><testcase classname="backend.tests.test_iteration16_security.TestRegressionAdminEndpoints" name="test_admin_get_students" time="0.442" /><testcase classname="backend.tests.test_iteration16_security.TestRegressionAdminEndpoints" name="test_admin_all_users" time="0.483" /><testcase classname="backend.tests.test_iteration16_security.TestRegressionDashboards" name="test_teacher_dashboard" time="0.449" /><testcase classname="backend.tests.test_iteration16_security.TestRegressionDashboards" name="test_student_dashboard" time="0.457" /><testcase classname="backend.tests.test_iteration16_security.TestRegressionDashboards" name="test_counsellor_dashboard" time="0.486" /><testcase classname="backend.tests.test_iteration16_security.TestRegressionGeneralEndpoints" name="test_wallet_summary" time="0.455" /><testcase classname="backend.tests.test_iteration16_security.TestRegressionGeneralEndpoints" name="test_notifications" time="0.453" /><testcase classname="backend.tests.test_iteration16_security.TestRegressionGeneralEndpoints" name="test_chat_contacts" time="0.629" /></testsuite></testsuites>