<?xml version="1.0" encoding="utf-8"?><testsuites name="pytest tests"><testsuite name="pytest" errors="0" failures="0" skipped="0" tests="14" time="6.731" timestamp="2026-04-09T13:24:21.214752+00:00" hostname="agent-env-eec47828-1d41-49eb-aa6f-ae90c3589b12"><testcase classname="backend.tests.test_iteration12_overhaul.TestAdminLogin" name="test_admin_login_success" time="0.505" /><testcase classname="backend.tests.test_iteration12_overhaul.TestSystemPricing" name="test_get_pricing_returns_all_fields" time="0.507" /><testcase classname="backend.tests.test_iteration12_overhaul.TestSystemPricing" name="test_set_pricing_works" time="0.621" /><testcase classname="backend.tests.test_iteration12_overhaul.TestPurgeSystem" name="test_purge_endpoint_exists" time="0.470" /><testcase classname="backend.tests.test_iteration12_overhaul.TestPurgeSystem" name="test_purge_requires_admin" time="0.107" /><testcase classname="backend.tests.test_iteration12_overhaul.TestCounsellorDashboard" name="test_counsellor_dashboard_returns_data" time="0.436" /><testcase classname="backend.tests.test_iteration12_overhaul.TestCounsellorDashboard" name="test_unassigned_students_have_demo_teacher_name" time="0.495" /><testcase classname="backend.tests.test_iteration12_overhaul.TestStudentProfileLocked" name="test_student_can_update_contact_fields" time="0.425" /><testcase classname="backend.tests.test_iteration12_overhaul.TestStudentProfileLocked" name="test_student_cannot_update_academic_fields" time="0.642" /><testcase classname="backend.tests.test_iteration12_overhaul.TestTeacherDemoFeedback" name="test_pending_demo_feedback_endpoint" time="0.444" /><testcase classname="backend.tests.test_iteration12_overhaul.TestTeacherDemoFeedback" name="test_submit_demo_feedback_requires_demo_id" time="0.510" /><testcase classname="backend.tests.test_iteration12_overhaul.TestTeacherSchedule" name="test_teacher_schedule_endpoint" time="0.490" /><testcase classname="backend.tests.test_iteration12_overhaul.TestAdminStudentEdit" name="test_admin_can_get_all_users" time="0.451" /><testcase classname="backend.tests.test_iteration12_overhaul.TestCounsellorAssignmentFields" name="test_assign_student_accepts_new_fields" time="0.531" /></testsuite></testsuites>