<?xml version="1.0" encoding="utf-8"?><testsuites name="pytest tests"><testsuite name="pytest" errors="0" failures="1" skipped="3" tests="9" time="4.155" timestamp="2026-04-10T12:25:15.062898+00:00" hostname="agent-env-eec47828-1d41-49eb-aa6f-ae90c3589b12"><testcase classname="backend.tests.test_iteration21_viewprofile_autorefresh.TestViewProfileEndpoints" name="test_teacher_login" time="0.472"><failure message="AssertionError: assert ('user_id' in {'session_token': 'session_e054ed64ff3845cd85a39e3b3a7ec512', 'user': {'badges': [], 'bank_details': None, 'bio': None, 'city': None, ...}} or 'email' in {'session_token': 'session_e054ed64ff3845cd85a39e3b3a7ec512', 'user': {'badges': [], 'bank_details': None, 'bio': None, 'city': None, ...}})">backend/tests/test_iteration21_viewprofile_autorefresh.py:38: in test_teacher_login
    assert "user_id" in data or "email" in data
E   AssertionError: assert ('user_id' in {'session_token': 'session_e054ed64ff3845cd85a39e3b3a7ec512', 'user': {'badges': [], 'bank_details': None, 'bio': None, 'city': None, ...}} or 'email' in {'session_token': 'session_e054ed64ff3845cd85a39e3b3a7ec512', 'user': {'badges': [], 'bank_details': None, 'bio': None, 'city': None, ...}})</failure></testcase><testcase classname="backend.tests.test_iteration21_viewprofile_autorefresh.TestViewProfileEndpoints" name="test_student_login" time="0.332" /><testcase classname="backend.tests.test_iteration21_viewprofile_autorefresh.TestViewProfileEndpoints" name="test_counselor_login" time="0.366" /><testcase classname="backend.tests.test_iteration21_viewprofile_autorefresh.TestViewProfileEndpoints" name="test_teacher_view_profile_endpoint" time="0.419" /><testcase classname="backend.tests.test_iteration21_viewprofile_autorefresh.TestViewProfileEndpoints" name="test_counselor_view_profile_endpoint" time="0.804"><skipped type="pytest.skip" message="No counselor found to test view-profile">/app/backend/tests/test_iteration21_viewprofile_autorefresh.py:129: No counselor found to test view-profile</skipped></testcase><testcase classname="backend.tests.test_iteration21_viewprofile_autorefresh.TestTeacherDashboardCounselorEnrichment" name="test_teacher_dashboard_has_counselor_info" time="0.436"><skipped type="pytest.skip" message="No approved students to verify counselor enrichment">/app/backend/tests/test_iteration21_viewprofile_autorefresh.py:164: No approved students to verify counselor enrichment</skipped></testcase><testcase classname="backend.tests.test_iteration21_viewprofile_autorefresh.TestRatingDuplicateCheck" name="test_rate_class_duplicate_check" time="0.407"><skipped type="pytest.skip" message="No completed classes to test duplicate rating check">/app/backend/tests/test_iteration21_viewprofile_autorefresh.py:200: No completed classes to test duplicate rating check</skipped></testcase><testcase classname="backend.tests.test_iteration21_viewprofile_autorefresh.TestProofSubmittedFlag" name="test_conducted_classes_have_proof_submitted_flag" time="0.412" /><testcase classname="backend.tests.test_iteration21_viewprofile_autorefresh.TestStudentDashboardSections" name="test_student_dashboard_sections" time="0.399" /></testsuite></testsuites>