<?xml version="1.0" encoding="utf-8"?><testsuites name="pytest tests"><testsuite name="pytest" errors="0" failures="0" skipped="0" tests="19" time="9.499" timestamp="2026-04-08T13:54:05.063986+00:00" hostname="agent-env-eec47828-1d41-49eb-aa6f-ae90c3589b12"><testcase classname="backend.tests.test_edtech_crm_v3.TestAuthAndBasics" name="test_admin_login" time="0.517" /><testcase classname="backend.tests.test_edtech_crm_v3.TestAuthAndBasics" name="test_student_login" time="0.325" /><testcase classname="backend.tests.test_edtech_crm_v3.TestAuthAndBasics" name="test_teacher_login" time="0.338" /><testcase classname="backend.tests.test_edtech_crm_v3.TestAuthAndBasics" name="test_counsellor_login" time="0.347" /><testcase classname="backend.tests.test_edtech_crm_v3.TestAdminCreateStudent" name="test_admin_create_student_success" time="1.026" /><testcase classname="backend.tests.test_edtech_crm_v3.TestAdminCreateStudent" name="test_admin_create_student_duplicate_email" time="0.466" /><testcase classname="backend.tests.test_edtech_crm_v3.TestAdminCreateStudent" name="test_non_admin_cannot_create_student" time="0.442" /><testcase classname="backend.tests.test_edtech_crm_v3.TestCancelClassDay" name="test_get_student_classes" time="0.519" /><testcase classname="backend.tests.test_edtech_crm_v3.TestCancelClassDay" name="test_cancel_class_day_already_cancelled_today" time="0.657" /><testcase classname="backend.tests.test_edtech_crm_v3.TestCancelClassDay" name="test_teacher_gets_notification_on_cancel" time="0.439" /><testcase classname="backend.tests.test_edtech_crm_v3.TestTeacherNotifications" name="test_get_notifications" time="0.491" /><testcase classname="backend.tests.test_edtech_crm_v3.TestTeacherNotifications" name="test_mark_all_notifications_read" time="0.548" /><testcase classname="backend.tests.test_edtech_crm_v3.TestComplaintVisibility" name="test_student_create_complaint_links_to_teacher" time="0.457" /><testcase classname="backend.tests.test_edtech_crm_v3.TestComplaintVisibility" name="test_teacher_sees_student_complaints" time="0.434" /><testcase classname="backend.tests.test_edtech_crm_v3.TestComplaintVisibility" name="test_counsellor_sees_all_complaints" time="0.464" /><testcase classname="backend.tests.test_edtech_crm_v3.TestComplaintVisibility" name="test_teacher_cannot_see_other_students_complaints" time="0.449" /><testcase classname="backend.tests.test_edtech_crm_v3.TestBrowseClasses" name="test_student_browse_classes" time="0.455" /><testcase classname="backend.tests.test_edtech_crm_v3.TestStudentProfileEdit" name="test_student_update_profile" time="0.462" /><testcase classname="backend.tests.test_edtech_crm_v3.TestCounsellorStudentProfile" name="test_counsellor_get_student_profile" time="0.563" /></testsuite></testsuites>